<?xml version="1.0" encoding="UTF-8"?>
<robot generator="Robot 7.0 (Python 3.12.2 on win32)" generated="2024-04-25T09:01:02.780000" rpa="false" schemaversion="5">
<suite id="s1" name="Suites" source="C:\Users\otavio.franco\Meus Projetos\Automação CMS_2\Automação CMS\suites">
<suite id="s1-s1" name="T01 login" source="C:\Users\otavio.franco\Meus Projetos\Automação CMS_2\Automação CMS\suites\T01_login.robot">
<test id="s1-s1-t1" name="Verificar o login com perfil sidia" line="8">
<kw name="Abrir navegador" owner="main" type="SETUP">
<kw name="Open Browser" owner="SeleniumLibrary">
<msg time="2024-04-25T09:01:03.078811" level="INFO">Opening browser 'chrome' to base url 'http://172.17.1.97:8080/'.</msg>
<arg>${URL}</arg>
<arg>chrome</arg>
<doc>Opens a new browser instance to the optional ``url``.</doc>
<status status="PASS" start="2024-04-25T09:01:03.078811" elapsed="3.887904"/>
</kw>
<kw name="Maximize Browser Window" owner="SeleniumLibrary">
<doc>Maximizes current browser window.</doc>
<status status="PASS" start="2024-04-25T09:01:06.966715" elapsed="0.188095"/>
</kw>
<status status="PASS" start="2024-04-25T09:01:03.077812" elapsed="4.076998"/>
</kw>
<kw name="Dado que estou na página de Login" owner="login_resources">
<kw name="Wait Until Element Is Visible" owner="SeleniumLibrary">
<arg>${Sign-in}</arg>
<doc>Waits until the element ``locator`` is visible.</doc>
<status status="PASS" start="2024-04-25T09:01:07.155839" elapsed="0.192015"/>
</kw>
<status status="PASS" start="2024-04-25T09:01:07.154810" elapsed="0.193044"/>
</kw>
<kw name="Dado que eu preencho os campos email com credenciais validas" owner="login_resources">
<kw name="Click Element" owner="SeleniumLibrary">
<msg time="2024-04-25T09:01:07.348859" level="INFO">Clicking element 'xpath=//input[contains(@id,'text-input')]'.</msg>
<arg>${campo_email}</arg>
<doc>Click the element identified by ``locator``.</doc>
<status status="PASS" start="2024-04-25T09:01:07.348859" elapsed="0.067257"/>
</kw>
<kw name="Input Text" owner="SeleniumLibrary">
<msg time="2024-04-25T09:01:07.417117" level="INFO">Typing text 'test_otavio.franco@sidia.com' into text field 'xpath=//input[contains(@id,'text-input')]'.</msg>
<arg>${campo_email}</arg>
<arg>${Usuario.usuario_sidia}</arg>
<doc>Types the given ``text`` into the text field identified by ``locator``.</doc>
<status status="PASS" start="2024-04-25T09:01:07.416116" elapsed="0.133386"/>
</kw>
<kw name="Click Element" owner="SeleniumLibrary">
<msg time="2024-04-25T09:01:07.550500" level="INFO">Clicking element 'xpath=//button[contains(@id,'submit-form-button')]'.</msg>
<arg>${botao entrar}</arg>
<doc>Click the element identified by ``locator``.</doc>
<status status="PASS" start="2024-04-25T09:01:07.549502" elapsed="0.057358"/>
</kw>
<kw name="Sleep" owner="BuiltIn">
<msg time="2024-04-25T09:01:09.608509" level="INFO">Slept 2 seconds.</msg>
<arg>time_=2</arg>
<doc>Pauses the test executed for the given time.</doc>
<status status="PASS" start="2024-04-25T09:01:07.606860" elapsed="2.001649"/>
</kw>
<kw name="Click Element" owner="SeleniumLibrary">
<msg time="2024-04-25T09:01:09.608509" level="INFO">Clicking element 'xpath=//button[contains(@id,'submit-form-button')]'.</msg>
<arg>${botao_acessar}</arg>
<doc>Click the element identified by ``locator``.</doc>
<status status="PASS" start="2024-04-25T09:01:09.608509" elapsed="0.049008"/>
</kw>
<kw name="Wait Until Element Is Visible" owner="SeleniumLibrary">
<arg>${Pagina_Home}</arg>
<doc>Waits until the element ``locator`` is visible.</doc>
<status status="PASS" start="2024-04-25T09:01:09.658554" elapsed="0.276626"/>
</kw>
<status status="PASS" start="2024-04-25T09:01:07.347854" elapsed="2.587326"/>
</kw>
<kw name="Fechar navegador" owner="main" type="TEARDOWN">
<kw name="Close Browser" owner="SeleniumLibrary">
<doc>Closes the current browser.</doc>
<status status="PASS" start="2024-04-25T09:01:09.936204" elapsed="2.211841"/>
</kw>
<status status="PASS" start="2024-04-25T09:01:09.936204" elapsed="2.211841"/>
</kw>
<status status="PASS" start="2024-04-25T09:01:03.076811" elapsed="9.071234"/>
</test>
<test id="s1-s1-t2" name="Mostrar mensagens de erro de login invalido" line="12">
<kw name="Abrir navegador" owner="main" type="SETUP">
<kw name="Open Browser" owner="SeleniumLibrary">
<msg time="2024-04-25T09:01:12.149006" level="INFO">Opening browser 'chrome' to base url 'http://172.17.1.97:8080/'.</msg>
<arg>${URL}</arg>
<arg>chrome</arg>
<doc>Opens a new browser instance to the optional ``url``.</doc>
<status status="PASS" start="2024-04-25T09:01:12.149006" elapsed="2.255525"/>
</kw>
<kw name="Maximize Browser Window" owner="SeleniumLibrary">
<doc>Maximizes current browser window.</doc>
<status status="PASS" start="2024-04-25T09:01:14.404531" elapsed="0.200261"/>
</kw>
<status status="PASS" start="2024-04-25T09:01:12.149006" elapsed="2.455786"/>
</kw>
<kw name="Dado que eu preencho os campos email com credenciais invalidas mostrar msn de erro" owner="login_resources">
<kw name="Click Element" owner="SeleniumLibrary">
<msg time="2024-04-25T09:01:14.606801" level="INFO">Clicking element 'xpath=//input[contains(@id,'text-input')]'.</msg>
<arg>${campo_email}</arg>
<doc>Click the element identified by ``locator``.</doc>
<status status="PASS" start="2024-04-25T09:01:14.606801" elapsed="0.250040"/>
</kw>
<kw name="Input Text" owner="SeleniumLibrary">
<msg time="2024-04-25T09:01:14.857841" level="INFO">Typing text 'userinvalido' into text field 'xpath=//input[contains(@id,'text-input')]'.</msg>
<arg>${campo_email}</arg>
<arg>${Usuario.usuario_invalido}</arg>
<doc>Types the given ``text`` into the text field identified by ``locator``.</doc>
<status status="PASS" start="2024-04-25T09:01:14.856841" elapsed="0.118102"/>
</kw>
<kw name="Click Element" owner="SeleniumLibrary">
<msg time="2024-04-25T09:01:14.974943" level="INFO">Clicking element 'xpath=//button[contains(@id,'submit-form-button')]'.</msg>
<arg>${botao entrar}</arg>
<doc>Click the element identified by ``locator``.</doc>
<status status="PASS" start="2024-04-25T09:01:14.974943" elapsed="0.060612"/>
</kw>
<kw name="Sleep" owner="BuiltIn">
<msg time="2024-04-25T09:01:21.035757" level="INFO">Slept 6 seconds.</msg>
<arg>time_=6</arg>
<doc>Pauses the test executed for the given time.</doc>
<status status="PASS" start="2024-04-25T09:01:15.035555" elapsed="6.000202"/>
</kw>
<kw name="Wait Until Element Is Visible" owner="SeleniumLibrary">
<arg>${msn_email_incorreto}</arg>
<doc>Waits until the element ``locator`` is visible.</doc>
<status status="PASS" start="2024-04-25T09:01:21.035757" elapsed="0.025087"/>
</kw>
<status status="PASS" start="2024-04-25T09:01:14.605793" elapsed="6.455051"/>
</kw>
<kw name="Fechar navegador" owner="main" type="TEARDOWN">
<kw name="Close Browser" owner="SeleniumLibrary">
<doc>Closes the current browser.</doc>
<status status="PASS" start="2024-04-25T09:01:21.060844" elapsed="2.157316"/>
</kw>
<status status="PASS" start="2024-04-25T09:01:21.060844" elapsed="2.158058"/>
</kw>
<status status="PASS" start="2024-04-25T09:01:12.149006" elapsed="11.069896"/>
</test>
<status status="PASS" start="2024-04-25T09:01:02.800584" elapsed="20.419307"/>
</suite>
<suite id="s1-s2" name="T02 Profile Sidia Usuarios" source="C:\Users\otavio.franco\Meus Projetos\Automação CMS_2\Automação CMS\suites\T02_Profile_Sidia_Usuarios.robot">
<test id="s1-s2-t1" name="Cadastrar usuário sidia" line="8">
<kw name="Abrir navegador" owner="main" type="SETUP">
<kw name="Open Browser" owner="SeleniumLibrary">
<msg time="2024-04-25T09:01:23.231890" level="INFO">Opening browser 'chrome' to base url 'http://172.17.1.97:8080/'.</msg>
<arg>${URL}</arg>
<arg>chrome</arg>
<doc>Opens a new browser instance to the optional ``url``.</doc>
<status status="PASS" start="2024-04-25T09:01:23.231890" elapsed="2.135659"/>
</kw>
<kw name="Maximize Browser Window" owner="SeleniumLibrary">
<doc>Maximizes current browser window.</doc>
<status status="PASS" start="2024-04-25T09:01:25.367549" elapsed="0.219470"/>
</kw>
<status status="PASS" start="2024-04-25T09:01:23.231890" elapsed="2.355129"/>
</kw>
<kw name="Dado que estou na página de Login" owner="login_resources">
<kw name="Wait Until Element Is Visible" owner="SeleniumLibrary">
<arg>${Sign-in}</arg>
<doc>Waits until the element ``locator`` is visible.</doc>
<status status="PASS" start="2024-04-25T09:01:25.588019" elapsed="0.197608"/>
</kw>
<status status="PASS" start="2024-04-25T09:01:25.587019" elapsed="0.198608"/>
</kw>
<kw name="Dado que eu preencho os campos email com credenciais validas" owner="login_resources">
<kw name="Click Element" owner="SeleniumLibrary">
<msg time="2024-04-25T09:01:25.786625" level="INFO">Clicking element 'xpath=//input[contains(@id,'text-input')]'.</msg>
<arg>${campo_email}</arg>
<doc>Click the element identified by ``locator``.</doc>
<status status="PASS" start="2024-04-25T09:01:25.786625" elapsed="0.069741"/>
</kw>
<kw name="Input Text" owner="SeleniumLibrary">
<msg time="2024-04-25T09:01:25.857347" level="INFO">Typing text 'test_otavio.franco@sidia.com' into text field 'xpath=//input[contains(@id,'text-input')]'.</msg>
<arg>${campo_email}</arg>
<arg>${Usuario.usuario_sidia}</arg>
<doc>Types the given ``text`` into the text field identified by ``locator``.</doc>
<status status="PASS" start="2024-04-25T09:01:25.856366" elapsed="0.124495"/>
</kw>
<kw name="Click Element" owner="SeleniumLibrary">
<msg time="2024-04-25T09:01:25.981861" level="INFO">Clicking element 'xpath=//button[contains(@id,'submit-form-button')]'.</msg>
<arg>${botao entrar}</arg>
<doc>Click the element identified by ``locator``.</doc>
<status status="PASS" start="2024-04-25T09:01:25.981861" elapsed="0.057015"/>
</kw>
<kw name="Sleep" owner="BuiltIn">
<msg time="2024-04-25T09:01:28.039008" level="INFO">Slept 2 seconds.</msg>
<arg>time_=2</arg>
<doc>Pauses the test executed for the given time.</doc>
<status status="PASS" start="2024-04-25T09:01:26.038876" elapsed="2.000132"/>
</kw>
<kw name="Click Element" owner="SeleniumLibrary">
<msg time="2024-04-25T09:01:28.039008" level="INFO">Clicking element 'xpath=//button[contains(@id,'submit-form-button')]'.</msg>
<arg>${botao_acessar}</arg>
<doc>Click the element identified by ``locator``.</doc>
<status status="PASS" start="2024-04-25T09:01:28.039008" elapsed="0.053007"/>
</kw>
<kw name="Wait Until Element Is Visible" owner="SeleniumLibrary">
<arg>${Pagina_Home}</arg>
<doc>Waits until the element ``locator`` is visible.</doc>
<status status="PASS" start="2024-04-25T09:01:28.093017" elapsed="0.250366"/>
</kw>
<status status="PASS" start="2024-04-25T09:01:25.785627" elapsed="2.558759"/>
</kw>
<kw name="Dado que eu cadastro um usuario sidia" owner="Profile_Sidia_Usuarios_resources">
<kw name="Click Element" owner="SeleniumLibrary">
<msg time="2024-04-25T09:01:28.344386" level="INFO">Clicking element 'xpath=//p[@class='chakra-text css-1q8b5yy'][contains(.,'Usuários')]'.</msg>
<arg>${Menu_usuarios}</arg>
<doc>Click the element identified by ``locator``.</doc>
<status status="PASS" start="2024-04-25T09:01:28.344386" elapsed="0.091213"/>
</kw>
<kw name="Click Element" owner="SeleniumLibrary">
<msg time="2024-04-25T09:01:28.436598" level="INFO">Clicking element 'xpath=//button[@type='button'][contains(.,'Novo usuário')]'.</msg>
<arg>${botao_novo_usuario}</arg>
<doc>Click the element identified by ``locator``.</doc>
<status status="PASS" start="2024-04-25T09:01:28.436598" elapsed="0.119034"/>
</kw>
<kw name="Click Element" owner="SeleniumLibrary">
<msg time="2024-04-25T09:01:28.556631" level="INFO">Clicking element '//input[contains(@placeholder,'Digite o nome completo')]'.</msg>
<arg>${campos_cadastro_usuario.nome}</arg>
<doc>Click the element identified by ``locator``.</doc>
<status status="PASS" start="2024-04-25T09:01:28.556631" elapsed="0.085073"/>
</kw>
<kw name="Input Text" owner="SeleniumLibrary">
<msg time="2024-04-25T09:01:28.644671" level="INFO">Typing text 'User Sidia' into text field '//input[contains(@placeholder,'Digite o nome completo')]'.</msg>
<arg>${campos_cadastro_usuario.nome}</arg>
<arg>${NovoUsuarioSidia.Nome}</arg>
<doc>Types the given ``text`` into the text field identified by ``locator``.</doc>
<status status="PASS" start="2024-04-25T09:01:28.642699" elapsed="0.126551"/>
</kw>
<kw name="Click Element" owner="SeleniumLibrary">
<msg time="2024-04-25T09:01:28.770284" level="INFO">Clicking element '//select[contains(@id,'select-input')]'.</msg>
<arg>${campos_cadastro_usuario.perfil}</arg>
<doc>Click the element identified by ``locator``.</doc>
<status status="PASS" start="2024-04-25T09:01:28.769250" elapsed="0.083008"/>
</kw>
<kw name="Click Element" owner="SeleniumLibrary">
<msg time="2024-04-25T09:01:28.854269" level="INFO">Clicking element '//option[@value='1:'][contains(.,'Sidia')]'.</msg>
<arg>${campos_cadastro_usuario.selectsidia}</arg>
<doc>Click the element identified by ``locator``.</doc>
<status status="PASS" start="2024-04-25T09:01:28.853274" elapsed="0.044985"/>
</kw>
<kw name="Click Element" owner="SeleniumLibrary">
<msg time="2024-04-25T09:01:28.899258" level="INFO">Clicking element '//input[contains(@placeholder,'Digite o e-mail corporativo')]'.</msg>
<arg>${campos_cadastro_usuario.email}</arg>
<doc>Click the element identified by ``locator``.</doc>
<status status="PASS" start="2024-04-25T09:01:28.899258" elapsed="0.084495"/>
</kw>
<kw name="Input Text" owner="SeleniumLibrary">
<msg time="2024-04-25T09:01:28.985753" level="INFO">Typing text 'usersidia@sidia.com' into text field '//input[contains(@placeholder,'Digite o e-mail corporativo')]'.</msg>
<arg>${campos_cadastro_usuario.email}</arg>
<arg>${NovoUsuarioSidia.Email}</arg>
<doc>Types the given ``text`` into the text field identified by ``locator``.</doc>
<status status="PASS" start="2024-04-25T09:01:28.983753" elapsed="0.117681"/>
</kw>
<kw name="Click Element" owner="SeleniumLibrary">
<msg time="2024-04-25T09:01:29.102413" level="INFO">Clicking element 'xpath=//button[@type='submit'][contains(.,'Salvar')]'.</msg>
<arg>${botao_salvar}</arg>
<doc>Click the element identified by ``locator``.</doc>
<status status="PASS" start="2024-04-25T09:01:29.102413" elapsed="0.064814"/>
</kw>
<kw name="Wait Until Element Is Visible" owner="SeleniumLibrary">
<arg>${msn_usersalvo}</arg>
<doc>Waits until the element ``locator`` is visible.</doc>
<status status="PASS" start="2024-04-25T09:01:29.167227" elapsed="0.440646"/>
</kw>
<kw name="Sleep" owner="BuiltIn">
<msg time="2024-04-25T09:01:34.608497" level="INFO">Slept 5 seconds.</msg>
<arg>time_=5</arg>
<doc>Pauses the test executed for the given time.</doc>
<status status="PASS" start="2024-04-25T09:01:29.607873" elapsed="5.000624"/>
</kw>
<kw name="Wait Until Page Contains" owner="SeleniumLibrary">
<arg>User Sidia</arg>
<doc>Waits until ``text`` appears on the current page.</doc>
<status status="PASS" start="2024-04-25T09:01:34.608497" elapsed="0.012096"/>
</kw>
<kw name="Sleep" owner="BuiltIn">
<msg time="2024-04-25T09:01:37.622238" level="INFO">Slept 3 seconds.</msg>
<arg>time_=3</arg>
<doc>Pauses the test executed for the given time.</doc>
<status status="PASS" start="2024-04-25T09:01:34.621595" elapsed="3.000643"/>
</kw>
<status status="PASS" start="2024-04-25T09:01:28.344386" elapsed="9.277852"/>
</kw>
<kw name="Fechar navegador" owner="main" type="TEARDOWN">
<kw name="Close Browser" owner="SeleniumLibrary">
<doc>Closes the current browser.</doc>
<status status="PASS" start="2024-04-25T09:01:37.622238" elapsed="2.183789"/>
</kw>
<status status="PASS" start="2024-04-25T09:01:37.622238" elapsed="2.183789"/>
</kw>
<status status="PASS" start="2024-04-25T09:01:23.231890" elapsed="16.574137"/>
</test>
<test id="s1-s2-t2" name="Editar usuário sidia" line="12">
<kw name="Abrir navegador" owner="main" type="SETUP">
<kw name="Open Browser" owner="SeleniumLibrary">
<msg time="2024-04-25T09:01:39.807737" level="INFO">Opening browser 'chrome' to base url 'http://172.17.1.97:8080/'.</msg>
<arg>${URL}</arg>
<arg>chrome</arg>
<doc>Opens a new browser instance to the optional ``url``.</doc>
<status status="PASS" start="2024-04-25T09:01:39.807737" elapsed="2.256792"/>
</kw>
<kw name="Maximize Browser Window" owner="SeleniumLibrary">
<doc>Maximizes current browser window.</doc>
<status status="PASS" start="2024-04-25T09:01:42.064529" elapsed="0.206259"/>
</kw>
<status status="PASS" start="2024-04-25T09:01:39.806731" elapsed="2.464057"/>
</kw>
<kw name="Dado que estou na página de Login" owner="login_resources">
<kw name="Wait Until Element Is Visible" owner="SeleniumLibrary">
<arg>${Sign-in}</arg>
<doc>Waits until the element ``locator`` is visible.</doc>
<status status="PASS" start="2024-04-25T09:01:42.272786" elapsed="0.052994"/>
</kw>
<status status="PASS" start="2024-04-25T09:01:42.271789" elapsed="0.053991"/>
</kw>
<kw name="Dado que eu preencho os campos email com credenciais validas" owner="login_resources">
<kw name="Click Element" owner="SeleniumLibrary">
<msg time="2024-04-25T09:01:42.330783" level="INFO">Clicking element 'xpath=//input[contains(@id,'text-input')]'.</msg>
<arg>${campo_email}</arg>
<doc>Click the element identified by ``locator``.</doc>
<status status="PASS" start="2024-04-25T09:01:42.329818" elapsed="0.173012"/>
</kw>
<kw name="Input Text" owner="SeleniumLibrary">
<msg time="2024-04-25T09:01:42.503828" level="INFO">Typing text 'test_otavio.franco@sidia.com' into text field 'xpath=//input[contains(@id,'text-input')]'.</msg>
<arg>${campo_email}</arg>
<arg>${Usuario.usuario_sidia}</arg>
<doc>Types the given ``text`` into the text field identified by ``locator``.</doc>
<status status="PASS" start="2024-04-25T09:01:42.502830" elapsed="0.143041"/>
</kw>
<kw name="Click Element" owner="SeleniumLibrary">
<msg time="2024-04-25T09:01:42.645871" level="INFO">Clicking element 'xpath=//button[contains(@id,'submit-form-button')]'.</msg>
<arg>${botao entrar}</arg>
<doc>Click the element identified by ``locator``.</doc>
<status status="PASS" start="2024-04-25T09:01:42.645871" elapsed="0.057007"/>
</kw>
<kw name="Sleep" owner="BuiltIn">
<msg time="2024-04-25T09:01:44.703128" level="INFO">Slept 2 seconds.</msg>
<arg>time_=2</arg>
<doc>Pauses the test executed for the given time.</doc>
<status status="PASS" start="2024-04-25T09:01:42.702878" elapsed="2.000250"/>
</kw>
<kw name="Click Element" owner="SeleniumLibrary">
<msg time="2024-04-25T09:01:44.703128" level="INFO">Clicking element 'xpath=//button[contains(@id,'submit-form-button')]'.</msg>
<arg>${botao_acessar}</arg>
<doc>Click the element identified by ``locator``.</doc>
<status status="PASS" start="2024-04-25T09:01:44.703128" elapsed="0.045525"/>
</kw>
<kw name="Wait Until Element Is Visible" owner="SeleniumLibrary">
<arg>${Pagina_Home}</arg>
<doc>Waits until the element ``locator`` is visible.</doc>
<status status="PASS" start="2024-04-25T09:01:44.748653" elapsed="0.445336"/>
</kw>
<status status="PASS" start="2024-04-25T09:01:42.326782" elapsed="2.868243"/>
</kw>
<kw name="Dado que eu edito usuario sidia" owner="Profile_Sidia_Usuarios_resources">
<kw name="Click Element" owner="SeleniumLibrary">
<msg time="2024-04-25T09:01:45.195025" level="INFO">Clicking element 'xpath=//p[@class='chakra-text css-1q8b5yy'][contains(.,'Usuários')]'.</msg>
<arg>${Menu_usuarios}</arg>
<doc>Click the element identified by ``locator``.</doc>
<status status="PASS" start="2024-04-25T09:01:45.195025" elapsed="0.086491"/>
</kw>
<kw name="Click Element" owner="SeleniumLibrary">
<msg time="2024-04-25T09:01:45.281516" level="INFO">Clicking element 'xpath=//button[@type='button'][contains(.,'Novo usuário')]'.</msg>
<arg>${botao_novo_usuario}</arg>
<doc>Click the element identified by ``locator``.</doc>
<status status="PASS" start="2024-04-25T09:01:45.281516" elapsed="0.135192"/>
</kw>
<kw name="Click Element" owner="SeleniumLibrary">
<msg time="2024-04-25T09:01:45.420707" level="INFO">Clicking element '//input[contains(@placeholder,'Digite o nome completo')]'.</msg>
<arg>${campos_cadastro_usuario.nome}</arg>
<doc>Click the element identified by ``locator``.</doc>
<status status="PASS" start="2024-04-25T09:01:45.417707" elapsed="0.089837"/>
</kw>
<kw name="Input Text" owner="SeleniumLibrary">
<msg time="2024-04-25T09:01:45.509538" level="INFO">Typing text 'Otavio Franco' into text field '//input[contains(@placeholder,'Digite o nome completo')]'.</msg>
<arg>${campos_cadastro_usuario.nome}</arg>
<arg>Otavio Franco</arg>
<doc>Types the given ``text`` into the text field identified by ``locator``.</doc>
<status status="PASS" start="2024-04-25T09:01:45.507544" elapsed="0.129233"/>
</kw>
<kw name="Click Element" owner="SeleniumLibrary">
<msg time="2024-04-25T09:01:45.638777" level="INFO">Clicking element '//select[contains(@id,'select-input')]'.</msg>
<arg>${campos_cadastro_usuario.perfil}</arg>
<doc>Click the element identified by ``locator``.</doc>
<status status="PASS" start="2024-04-25T09:01:45.636777" elapsed="0.081207"/>
</kw>
<kw name="Click Element" owner="SeleniumLibrary">
<msg time="2024-04-25T09:01:45.718983" level="INFO">Clicking element '//option[@value='1:'][contains(.,'Sidia')]'.</msg>
<arg>${campos_cadastro_usuario.selectsidia}</arg>
<doc>Click the element identified by ``locator``.</doc>
<status status="PASS" start="2024-04-25T09:01:45.717984" elapsed="0.050554"/>
</kw>
<kw name="Click Element" owner="SeleniumLibrary">
<msg time="2024-04-25T09:01:45.769537" level="INFO">Clicking element '//input[contains(@placeholder,'Digite o e-mail corporativo')]'.</msg>
<arg>${campos_cadastro_usuario.email}</arg>
<doc>Click the element identified by ``locator``.</doc>
<status status="PASS" start="2024-04-25T09:01:45.768538" elapsed="0.101554"/>
</kw>
<kw name="Input Text" owner="SeleniumLibrary">
<msg time="2024-04-25T09:01:45.872111" level="INFO">Typing text 'otavio.franco2@sidia.com' into text field '//input[contains(@placeholder,'Digite o e-mail corporativo')]'.</msg>
<arg>${campos_cadastro_usuario.email}</arg>
<arg>otavio.franco2@sidia.com</arg>
<doc>Types the given ``text`` into the text field identified by ``locator``.</doc>
<status status="PASS" start="2024-04-25T09:01:45.870092" elapsed="0.119556"/>
</kw>
<kw name="Click Element" owner="SeleniumLibrary">
<msg time="2024-04-25T09:01:45.990647" level="INFO">Clicking element 'xpath=//button[@type='submit'][contains(.,'Salvar')]'.</msg>
<arg>${botao_salvar}</arg>
<doc>Click the element identified by ``locator``.</doc>
<status status="PASS" start="2024-04-25T09:01:45.990647" elapsed="0.063532"/>
</kw>
<kw name="Wait Until Element Is Visible" owner="SeleniumLibrary">
<arg>${msn_usersalvo}</arg>
<doc>Waits until the element ``locator`` is visible.</doc>
<status status="PASS" start="2024-04-25T09:01:46.054179" elapsed="0.442492"/>
</kw>
<kw name="Sleep" owner="BuiltIn">
<msg time="2024-04-25T09:01:49.497979" level="INFO">Slept 3 seconds.</msg>
<arg>time_=3</arg>
<doc>Pauses the test executed for the given time.</doc>
<status status="PASS" start="2024-04-25T09:01:46.497672" elapsed="3.000307"/>
</kw>
<kw name="Page Should Contain" owner="SeleniumLibrary">
<msg time="2024-04-25T09:01:49.512609" level="INFO">Current page contains text 'otavio.franco2@sidia.com'.</msg>
<arg>otavio.franco2@sidia.com</arg>
<doc>Verifies that current page contains ``text``.</doc>
<status status="PASS" start="2024-04-25T09:01:49.497979" elapsed="0.014630"/>
</kw>
<kw name="Click Element" owner="SeleniumLibrary">
<msg time="2024-04-25T09:01:49.512609" level="INFO">Clicking element 'xpath=(//button[contains(@type,'button')])[10]'.</msg>
<arg>${editarusersidia}</arg>
<doc>Click the element identified by ``locator``.</doc>
<status status="PASS" start="2024-04-25T09:01:49.512609" elapsed="0.063006"/>
</kw>
<kw name="Sleep" owner="BuiltIn">
<msg time="2024-04-25T09:01:52.576912" level="INFO">Slept 3 seconds.</msg>
<arg>time_=3</arg>
<doc>Pauses the test executed for the given time.</doc>
<status status="PASS" start="2024-04-25T09:01:49.576646" elapsed="3.000266"/>
</kw>
<kw name="Click Element" owner="SeleniumLibrary">
<msg time="2024-04-25T09:01:52.577415" level="INFO">Clicking element '//input[contains(@placeholder,'Digite o nome completo')]'.</msg>
<arg>${campos_cadastro_usuario.nome}</arg>
<doc>Click the element identified by ``locator``.</doc>
<status status="PASS" start="2024-04-25T09:01:52.576912" elapsed="0.054509"/>
</kw>
<kw name="Press Keys" owner="SeleniumLibrary">
<msg time="2024-04-25T09:01:52.633422" level="INFO">Sending key(s) ('BACKSPACE',) to //input[contains(@placeholder,'Digite o nome completo')] element.</msg>
<msg time="2024-04-25T09:01:52.928015" level="INFO">Pressing special key BACKSPACE to element.</msg>
<msg time="2024-04-25T09:01:52.928015" level="INFO">Releasing special key BACKSPACE.</msg>
<arg>${campos_cadastro_usuario.nome}</arg>
<arg>BACKSPACE</arg>
<doc>Simulates the user pressing key(s) to an element or on the active browser.</doc>
<status status="PASS" start="2024-04-25T09:01:52.631421" elapsed="0.318615"/>
</kw>
<kw name="Press Keys" owner="SeleniumLibrary">
<msg time="2024-04-25T09:01:52.952035" level="INFO">Sending key(s) ('BACKSPACE',) to //input[contains(@placeholder,'Digite o nome completo')] element.</msg>
<msg time="2024-04-25T09:01:53.242588" level="INFO">Pressing special key BACKSPACE to element.</msg>
<msg time="2024-04-25T09:01:53.242588" level="INFO">Releasing special key BACKSPACE.</msg>
<arg>${campos_cadastro_usuario.nome}</arg>
<arg>BACKSPACE</arg>
<doc>Simulates the user pressing key(s) to an element or on the active browser.</doc>
<status status="PASS" start="2024-04-25T09:01:52.950036" elapsed="0.304563"/>
</kw>
<kw name="Press Keys" owner="SeleniumLibrary">
<msg time="2024-04-25T09:01:53.255600" level="INFO">Sending key(s) ('BACKSPACE',) to //input[contains(@placeholder,'Digite o nome completo')] element.</msg>
<msg time="2024-04-25T09:01:53.544172" level="INFO">Pressing special key BACKSPACE to element.</msg>
<msg time="2024-04-25T09:01:53.544172" level="INFO">Releasing special key BACKSPACE.</msg>
<arg>${campos_cadastro_usuario.nome}</arg>
<arg>BACKSPACE</arg>
<doc>Simulates the user pressing key(s) to an element or on the active browser.</doc>
<status status="PASS" start="2024-04-25T09:01:53.254599" elapsed="0.299607"/>
</kw>
<kw name="Press Keys" owner="SeleniumLibrary">
<msg time="2024-04-25T09:01:53.556232" level="INFO">Sending key(s) ('BACKSPACE',) to //input[contains(@placeholder,'Digite o nome completo')] element.</msg>
<msg time="2024-04-25T09:01:53.843764" level="INFO">Pressing special key BACKSPACE to element.</msg>
<msg time="2024-04-25T09:01:53.843764" level="INFO">Releasing special key BACKSPACE.</msg>
<arg>${campos_cadastro_usuario.nome}</arg>
<arg>BACKSPACE</arg>
<doc>Simulates the user pressing key(s) to an element or on the active browser.</doc>
<status status="PASS" start="2024-04-25T09:01:53.554206" elapsed="0.310118"/>
</kw>
<kw name="Press Keys" owner="SeleniumLibrary">
<msg time="2024-04-25T09:01:53.866365" level="INFO">Sending key(s) ('BACKSPACE',) to //input[contains(@placeholder,'Digite o nome completo')] element.</msg>
<msg time="2024-04-25T09:01:54.161841" level="INFO">Pressing special key BACKSPACE to element.</msg>
<msg time="2024-04-25T09:01:54.161841" level="INFO">Releasing special key BACKSPACE.</msg>
<arg>${campos_cadastro_usuario.nome}</arg>
<arg>BACKSPACE</arg>
<doc>Simulates the user pressing key(s) to an element or on the active browser.</doc>
<status status="PASS" start="2024-04-25T09:01:53.865340" elapsed="0.311025"/>
</kw>
<kw name="Press Keys" owner="SeleniumLibrary">
<msg time="2024-04-25T09:01:54.177365" level="INFO">Sending key(s) ('BACKSPACE',) to //input[contains(@placeholder,'Digite o nome completo')] element.</msg>
<msg time="2024-04-25T09:01:54.473220" level="INFO">Pressing special key BACKSPACE to element.</msg>
<msg time="2024-04-25T09:01:54.473220" level="INFO">Releasing special key BACKSPACE.</msg>
<arg>${campos_cadastro_usuario.nome}</arg>
<arg>BACKSPACE</arg>
<doc>Simulates the user pressing key(s) to an element or on the active browser.</doc>
<status status="PASS" start="2024-04-25T09:01:54.176365" elapsed="0.307895"/>
</kw>
<kw name="Press Keys" owner="SeleniumLibrary">
<msg time="2024-04-25T09:01:54.486220" level="INFO">Sending key(s) ('BACKSPACE',) to //input[contains(@placeholder,'Digite o nome completo')] element.</msg>
<msg time="2024-04-25T09:01:54.760372" level="INFO">Pressing special key BACKSPACE to element.</msg>
<msg time="2024-04-25T09:01:54.760372" level="INFO">Releasing special key BACKSPACE.</msg>
<arg>${campos_cadastro_usuario.nome}</arg>
<arg>BACKSPACE</arg>
<doc>Simulates the user pressing key(s) to an element or on the active browser.</doc>
<status status="PASS" start="2024-04-25T09:01:54.485255" elapsed="0.288468"/>
</kw>
<kw name="Press Keys" owner="SeleniumLibrary">
<msg time="2024-04-25T09:01:54.774755" level="INFO">Sending key(s) ('BACKSPACE',) to //input[contains(@placeholder,'Digite o nome completo')] element.</msg>
<msg time="2024-04-25T09:01:55.057498" level="INFO">Pressing special key BACKSPACE to element.</msg>
<msg time="2024-04-25T09:01:55.057498" level="INFO">Releasing special key BACKSPACE.</msg>
<arg>${campos_cadastro_usuario.nome}</arg>
<arg>BACKSPACE</arg>
<doc>Simulates the user pressing key(s) to an element or on the active browser.</doc>
<status status="PASS" start="2024-04-25T09:01:54.773723" elapsed="0.296331"/>
</kw>
<kw name="Press Keys" owner="SeleniumLibrary">
<msg time="2024-04-25T09:01:55.071049" level="INFO">Sending key(s) ('BACKSPACE',) to //input[contains(@placeholder,'Digite o nome completo')] element.</msg>
<msg time="2024-04-25T09:01:55.359125" level="INFO">Pressing special key BACKSPACE to element.</msg>
<msg time="2024-04-25T09:01:55.359125" level="INFO">Releasing special key BACKSPACE.</msg>
<arg>${campos_cadastro_usuario.nome}</arg>
<arg>BACKSPACE</arg>
<doc>Simulates the user pressing key(s) to an element or on the active browser.</doc>
<status status="PASS" start="2024-04-25T09:01:55.070054" elapsed="0.307775"/>
</kw>
<kw name="Press Keys" owner="SeleniumLibrary">
<msg time="2024-04-25T09:01:55.379827" level="INFO">Sending key(s) ('BACKSPACE',) to //input[contains(@placeholder,'Digite o nome completo')] element.</msg>
<msg time="2024-04-25T09:01:55.670353" level="INFO">Pressing special key BACKSPACE to element.</msg>
<msg time="2024-04-25T09:01:55.670353" level="INFO">Releasing special key BACKSPACE.</msg>
<arg>${campos_cadastro_usuario.nome}</arg>
<arg>BACKSPACE</arg>
<doc>Simulates the user pressing key(s) to an element or on the active browser.</doc>
<status status="PASS" start="2024-04-25T09:01:55.377829" elapsed="0.304543"/>
</kw>
<kw name="Press Keys" owner="SeleniumLibrary">
<msg time="2024-04-25T09:01:55.683353" level="INFO">Sending key(s) ('BACKSPACE',) to //input[contains(@placeholder,'Digite o nome completo')] element.</msg>
<msg time="2024-04-25T09:01:55.983257" level="INFO">Pressing special key BACKSPACE to element.</msg>
<msg time="2024-04-25T09:01:55.983257" level="INFO">Releasing special key BACKSPACE.</msg>
<arg>${campos_cadastro_usuario.nome}</arg>
<arg>BACKSPACE</arg>
<doc>Simulates the user pressing key(s) to an element or on the active browser.</doc>
<status status="PASS" start="2024-04-25T09:01:55.682372" elapsed="0.314877"/>
</kw>
<kw name="Press Keys" owner="SeleniumLibrary">
<msg time="2024-04-25T09:01:55.998235" level="INFO">Sending key(s) ('BACKSPACE',) to //input[contains(@placeholder,'Digite o nome completo')] element.</msg>
<msg time="2024-04-25T09:01:56.282672" level="INFO">Pressing special key BACKSPACE to element.</msg>
<msg time="2024-04-25T09:01:56.282672" level="INFO">Releasing special key BACKSPACE.</msg>
<arg>${campos_cadastro_usuario.nome}</arg>
<arg>BACKSPACE</arg>
<doc>Simulates the user pressing key(s) to an element or on the active browser.</doc>
<status status="PASS" start="2024-04-25T09:01:55.997249" elapsed="0.297421"/>
</kw>
<kw name="Press Keys" owner="SeleniumLibrary">
<msg time="2024-04-25T09:01:56.295674" level="INFO">Sending key(s) ('BACKSPACE',) to //input[contains(@placeholder,'Digite o nome completo')] element.</msg>
<msg time="2024-04-25T09:01:56.583823" level="INFO">Pressing special key BACKSPACE to element.</msg>
<msg time="2024-04-25T09:01:56.584877" level="INFO">Releasing special key BACKSPACE.</msg>
<arg>${campos_cadastro_usuario.nome}</arg>
<arg>BACKSPACE</arg>
<doc>Simulates the user pressing key(s) to an element or on the active browser.</doc>
<status status="PASS" start="2024-04-25T09:01:56.294670" elapsed="0.312197"/>
</kw>
<kw name="Sleep" owner="BuiltIn">
<msg time="2024-04-25T09:01:58.607125" level="INFO">Slept 2 seconds.</msg>
<arg>time_=2</arg>
<doc>Pauses the test executed for the given time.</doc>
<status status="PASS" start="2024-04-25T09:01:56.606867" elapsed="2.000258"/>
</kw>
<kw name="Input Text" owner="SeleniumLibrary">
<msg time="2024-04-25T09:01:58.607668" level="INFO">Typing text 'Otavio Ferreira' into text field '//input[contains(@placeholder,'Digite o nome completo')]'.</msg>
<arg>${campos_cadastro_usuario.nome}</arg>
<arg>Otavio Ferreira</arg>
<doc>Types the given ``text`` into the text field identified by ``locator``.</doc>
<status status="PASS" start="2024-04-25T09:01:58.607125" elapsed="0.092882"/>
</kw>
<kw name="Sleep" owner="BuiltIn">
<msg time="2024-04-25T09:02:00.700180" level="INFO">Slept 2 seconds.</msg>
<arg>time_=2</arg>
<doc>Pauses the test executed for the given time.</doc>
<status status="PASS" start="2024-04-25T09:01:58.700007" elapsed="2.000173"/>
</kw>
<kw name="Click Element" owner="SeleniumLibrary">
<msg time="2024-04-25T09:02:00.702855" level="INFO">Clicking element '//input[contains(@placeholder,'Digite o e-mail corporativo')]'.</msg>
<arg>${campos_cadastro_usuario.email}</arg>
<doc>Click the element identified by ``locator``.</doc>
<status status="PASS" start="2024-04-25T09:02:00.700778" elapsed="0.055333"/>
</kw>
<kw name="Press Keys" owner="SeleniumLibrary">
<msg time="2024-04-25T09:02:00.758122" level="INFO">Sending key(s) ('BACKSPACE',) to //input[contains(@placeholder,'Digite o e-mail corporativo')] element.</msg>
<msg time="2024-04-25T09:02:01.053236" level="INFO">Pressing special key BACKSPACE to element.</msg>
<msg time="2024-04-25T09:02:01.053236" level="INFO">Releasing special key BACKSPACE.</msg>
<arg>${campos_cadastro_usuario.email}</arg>
<arg>BACKSPACE</arg>
<doc>Simulates the user pressing key(s) to an element or on the active browser.</doc>
<status status="PASS" start="2024-04-25T09:02:00.757131" elapsed="0.315052"/>
</kw>
<kw name="Press Keys" owner="SeleniumLibrary">
<msg time="2024-04-25T09:02:01.074815" level="INFO">Sending key(s) ('BACKSPACE',) to //input[contains(@placeholder,'Digite o e-mail corporativo')] element.</msg>
<msg time="2024-04-25T09:02:01.367516" level="INFO">Pressing special key BACKSPACE to element.</msg>
<msg time="2024-04-25T09:02:01.367516" level="INFO">Releasing special key BACKSPACE.</msg>
<arg>${campos_cadastro_usuario.email}</arg>
<arg>BACKSPACE</arg>
<doc>Simulates the user pressing key(s) to an element or on the active browser.</doc>
<status status="PASS" start="2024-04-25T09:02:01.072183" elapsed="0.305885"/>
</kw>
<kw name="Press Keys" owner="SeleniumLibrary">
<msg time="2024-04-25T09:02:01.379092" level="INFO">Sending key(s) ('BACKSPACE',) to //input[contains(@placeholder,'Digite o e-mail corporativo')] element.</msg>
<msg time="2024-04-25T09:02:01.680665" level="INFO">Pressing special key BACKSPACE to element.</msg>
<msg time="2024-04-25T09:02:01.680665" level="INFO">Releasing special key BACKSPACE.</msg>
<arg>${campos_cadastro_usuario.email}</arg>
<arg>BACKSPACE</arg>
<doc>Simulates the user pressing key(s) to an element or on the active browser.</doc>
<status status="PASS" start="2024-04-25T09:02:01.378068" elapsed="0.312611"/>
</kw>
<kw name="Press Keys" owner="SeleniumLibrary">
<msg time="2024-04-25T09:02:01.691680" level="INFO">Sending key(s) ('BACKSPACE',) to //input[contains(@placeholder,'Digite o e-mail corporativo')] element.</msg>
<msg time="2024-04-25T09:02:01.978732" level="INFO">Pressing special key BACKSPACE to element.</msg>
<msg time="2024-04-25T09:02:01.978732" level="INFO">Releasing special key BACKSPACE.</msg>
<arg>${campos_cadastro_usuario.email}</arg>
<arg>BACKSPACE</arg>
<doc>Simulates the user pressing key(s) to an element or on the active browser.</doc>
<status status="PASS" start="2024-04-25T09:02:01.690679" elapsed="0.297775"/>
</kw>
<kw name="Press Keys" owner="SeleniumLibrary">
<msg time="2024-04-25T09:02:01.989454" level="INFO">Sending key(s) ('BACKSPACE',) to //input[contains(@placeholder,'Digite o e-mail corporativo')] element.</msg>
<msg time="2024-04-25T09:02:02.276829" level="INFO">Pressing special key BACKSPACE to element.</msg>
<msg time="2024-04-25T09:02:02.276829" level="INFO">Releasing special key BACKSPACE.</msg>
<arg>${campos_cadastro_usuario.email}</arg>
<arg>BACKSPACE</arg>
<doc>Simulates the user pressing key(s) to an element or on the active browser.</doc>
<status status="PASS" start="2024-04-25T09:02:01.988454" elapsed="0.297485"/>
</kw>
<kw name="Press Keys" owner="SeleniumLibrary">
<msg time="2024-04-25T09:02:02.286921" level="INFO">Sending key(s) ('BACKSPACE',) to //input[contains(@placeholder,'Digite o e-mail corporativo')] element.</msg>
<msg time="2024-04-25T09:02:02.575108" level="INFO">Pressing special key BACKSPACE to element.</msg>
<msg time="2024-04-25T09:02:02.575108" level="INFO">Releasing special key BACKSPACE.</msg>
<arg>${campos_cadastro_usuario.email}</arg>
<arg>BACKSPACE</arg>
<doc>Simulates the user pressing key(s) to an element or on the active browser.</doc>
<status status="PASS" start="2024-04-25T09:02:02.285939" elapsed="0.300254"/>
</kw>
<kw name="Press Keys" owner="SeleniumLibrary">
<msg time="2024-04-25T09:02:02.587197" level="INFO">Sending key(s) ('BACKSPACE',) to //input[contains(@placeholder,'Digite o e-mail corporativo')] element.</msg>
<msg time="2024-04-25T09:02:02.868236" level="INFO">Pressing special key BACKSPACE to element.</msg>
<msg time="2024-04-25T09:02:02.868236" level="INFO">Releasing special key BACKSPACE.</msg>
<arg>${campos_cadastro_usuario.email}</arg>
<arg>BACKSPACE</arg>
<doc>Simulates the user pressing key(s) to an element or on the active browser.</doc>
<status status="PASS" start="2024-04-25T09:02:02.587197" elapsed="0.291565"/>
</kw>
<kw name="Press Keys" owner="SeleniumLibrary">
<msg time="2024-04-25T09:02:02.879772" level="INFO">Sending key(s) ('BACKSPACE',) to //input[contains(@placeholder,'Digite o e-mail corporativo')] element.</msg>
<msg time="2024-04-25T09:02:03.168099" level="INFO">Pressing special key BACKSPACE to element.</msg>
<msg time="2024-04-25T09:02:03.168099" level="INFO">Releasing special key BACKSPACE.</msg>
<arg>${campos_cadastro_usuario.email}</arg>
<arg>BACKSPACE</arg>
<doc>Simulates the user pressing key(s) to an element or on the active browser.</doc>
<status status="PASS" start="2024-04-25T09:02:02.878762" elapsed="0.310204"/>
</kw>
<kw name="Press Keys" owner="SeleniumLibrary">
<msg time="2024-04-25T09:02:03.189977" level="INFO">Sending key(s) ('BACKSPACE',) to //input[contains(@placeholder,'Digite o e-mail corporativo')] element.</msg>
<msg time="2024-04-25T09:02:03.476742" level="INFO">Pressing special key BACKSPACE to element.</msg>
<msg time="2024-04-25T09:02:03.476742" level="INFO">Releasing special key BACKSPACE.</msg>
<arg>${campos_cadastro_usuario.email}</arg>
<arg>BACKSPACE</arg>
<doc>Simulates the user pressing key(s) to an element or on the active browser.</doc>
<status status="PASS" start="2024-04-25T09:02:03.188966" elapsed="0.297298"/>
</kw>
<kw name="Press Keys" owner="SeleniumLibrary">
<msg time="2024-04-25T09:02:03.487302" level="INFO">Sending key(s) ('BACKSPACE',) to //input[contains(@placeholder,'Digite o e-mail corporativo')] element.</msg>
<msg time="2024-04-25T09:02:03.779855" level="INFO">Pressing special key BACKSPACE to element.</msg>
<msg time="2024-04-25T09:02:03.779855" level="INFO">Releasing special key BACKSPACE.</msg>
<arg>${campos_cadastro_usuario.email}</arg>
<arg>BACKSPACE</arg>
<doc>Simulates the user pressing key(s) to an element or on the active browser.</doc>
<status status="PASS" start="2024-04-25T09:02:03.487302" elapsed="0.312147"/>
</kw>
<kw name="Press Keys" owner="SeleniumLibrary">
<msg time="2024-04-25T09:02:03.801446" level="INFO">Sending key(s) ('BACKSPACE',) to //input[contains(@placeholder,'Digite o e-mail corporativo')] element.</msg>
<msg time="2024-04-25T09:02:04.090641" level="INFO">Pressing special key BACKSPACE to element.</msg>
<msg time="2024-04-25T09:02:04.090641" level="INFO">Releasing special key BACKSPACE.</msg>
<arg>${campos_cadastro_usuario.email}</arg>
<arg>BACKSPACE</arg>
<doc>Simulates the user pressing key(s) to an element or on the active browser.</doc>
<status status="PASS" start="2024-04-25T09:02:03.800447" elapsed="0.300195"/>
</kw>
<kw name="Press Keys" owner="SeleniumLibrary">
<msg time="2024-04-25T09:02:04.101647" level="INFO">Sending key(s) ('BACKSPACE',) to //input[contains(@placeholder,'Digite o e-mail corporativo')] element.</msg>
<msg time="2024-04-25T09:02:04.389646" level="INFO">Pressing special key BACKSPACE to element.</msg>
<msg time="2024-04-25T09:02:04.389646" level="INFO">Releasing special key BACKSPACE.</msg>
<arg>${campos_cadastro_usuario.email}</arg>
<arg>BACKSPACE</arg>
<doc>Simulates the user pressing key(s) to an element or on the active browser.</doc>
<status status="PASS" start="2024-04-25T09:02:04.100642" elapsed="0.296991"/>
</kw>
<kw name="Press Keys" owner="SeleniumLibrary">
<msg time="2024-04-25T09:02:04.398631" level="INFO">Sending key(s) ('BACKSPACE',) to //input[contains(@placeholder,'Digite o e-mail corporativo')] element.</msg>
<msg time="2024-04-25T09:02:04.689257" level="INFO">Pressing special key BACKSPACE to element.</msg>
<msg time="2024-04-25T09:02:04.689257" level="INFO">Releasing special key BACKSPACE.</msg>
<arg>${campos_cadastro_usuario.email}</arg>
<arg>BACKSPACE</arg>
<doc>Simulates the user pressing key(s) to an element or on the active browser.</doc>
<status status="PASS" start="2024-04-25T09:02:04.397633" elapsed="0.300623"/>
</kw>
<kw name="Press Keys" owner="SeleniumLibrary">
<msg time="2024-04-25T09:02:04.699256" level="INFO">Sending key(s) ('BACKSPACE',) to //input[contains(@placeholder,'Digite o e-mail corporativo')] element.</msg>
<msg time="2024-04-25T09:02:04.987818" level="INFO">Pressing special key BACKSPACE to element.</msg>
<msg time="2024-04-25T09:02:04.988818" level="INFO">Releasing special key BACKSPACE.</msg>
<arg>${campos_cadastro_usuario.email}</arg>
<arg>BACKSPACE</arg>
<doc>Simulates the user pressing key(s) to an element or on the active browser.</doc>
<status status="PASS" start="2024-04-25T09:02:04.699256" elapsed="0.302565"/>
</kw>
<kw name="Press Keys" owner="SeleniumLibrary">
<msg time="2024-04-25T09:02:05.003835" level="INFO">Sending key(s) ('BACKSPACE',) to //input[contains(@placeholder,'Digite o e-mail corporativo')] element.</msg>
<msg time="2024-04-25T09:02:05.304487" level="INFO">Pressing special key BACKSPACE to element.</msg>
<msg time="2024-04-25T09:02:05.304487" level="INFO">Releasing special key BACKSPACE.</msg>
<arg>${campos_cadastro_usuario.email}</arg>
<arg>BACKSPACE</arg>
<doc>Simulates the user pressing key(s) to an element or on the active browser.</doc>
<status status="PASS" start="2024-04-25T09:02:05.001821" elapsed="0.313676"/>
</kw>
<kw name="Press Keys" owner="SeleniumLibrary">
<msg time="2024-04-25T09:02:05.316490" level="INFO">Sending key(s) ('BACKSPACE',) to //input[contains(@placeholder,'Digite o e-mail corporativo')] element.</msg>
<msg time="2024-04-25T09:02:05.601864" level="INFO">Pressing special key BACKSPACE to element.</msg>
<msg time="2024-04-25T09:02:05.601864" level="INFO">Releasing special key BACKSPACE.</msg>
<arg>${campos_cadastro_usuario.email}</arg>
<arg>BACKSPACE</arg>
<doc>Simulates the user pressing key(s) to an element or on the active browser.</doc>
<status status="PASS" start="2024-04-25T09:02:05.315497" elapsed="0.293377"/>
</kw>
<kw name="Press Keys" owner="SeleniumLibrary">
<msg time="2024-04-25T09:02:05.609902" level="INFO">Sending key(s) ('BACKSPACE',) to //input[contains(@placeholder,'Digite o e-mail corporativo')] element.</msg>
<msg time="2024-04-25T09:02:05.903558" level="INFO">Pressing special key BACKSPACE to element.</msg>
<msg time="2024-04-25T09:02:05.903558" level="INFO">Releasing special key BACKSPACE.</msg>
<arg>${campos_cadastro_usuario.email}</arg>
<arg>BACKSPACE</arg>
<doc>Simulates the user pressing key(s) to an element or on the active browser.</doc>
<status status="PASS" start="2024-04-25T09:02:05.608874" elapsed="0.313200"/>
</kw>
<kw name="Press Keys" owner="SeleniumLibrary">
<msg time="2024-04-25T09:02:05.925078" level="INFO">Sending key(s) ('BACKSPACE',) to //input[contains(@placeholder,'Digite o e-mail corporativo')] element.</msg>
<msg time="2024-04-25T09:02:06.215226" level="INFO">Pressing special key BACKSPACE to element.</msg>
<msg time="2024-04-25T09:02:06.215226" level="INFO">Releasing special key BACKSPACE.</msg>
<arg>${campos_cadastro_usuario.email}</arg>
<arg>BACKSPACE</arg>
<doc>Simulates the user pressing key(s) to an element or on the active browser.</doc>
<status status="PASS" start="2024-04-25T09:02:05.923074" elapsed="0.314816"/>
</kw>
<kw name="Press Keys" owner="SeleniumLibrary">
<msg time="2024-04-25T09:02:06.238892" level="INFO">Sending key(s) ('BACKSPACE',) to //input[contains(@placeholder,'Digite o e-mail corporativo')] element.</msg>
<msg time="2024-04-25T09:02:06.525857" level="INFO">Pressing special key BACKSPACE to element.</msg>
<msg time="2024-04-25T09:02:06.525857" level="INFO">Releasing special key BACKSPACE.</msg>
<arg>${campos_cadastro_usuario.email}</arg>
<arg>BACKSPACE</arg>
<doc>Simulates the user pressing key(s) to an element or on the active browser.</doc>
<status status="PASS" start="2024-04-25T09:02:06.237890" elapsed="0.302967"/>
</kw>
<kw name="Press Keys" owner="SeleniumLibrary">
<msg time="2024-04-25T09:02:06.541855" level="INFO">Sending key(s) ('BACKSPACE',) to //input[contains(@placeholder,'Digite o e-mail corporativo')] element.</msg>
<msg time="2024-04-25T09:02:06.840272" level="INFO">Pressing special key BACKSPACE to element.</msg>
<msg time="2024-04-25T09:02:06.840272" level="INFO">Releasing special key BACKSPACE.</msg>
<arg>${campos_cadastro_usuario.email}</arg>
<arg>BACKSPACE</arg>
<doc>Simulates the user pressing key(s) to an element or on the active browser.</doc>
<status status="PASS" start="2024-04-25T09:02:06.540857" elapsed="0.310425"/>
</kw>
<kw name="Press Keys" owner="SeleniumLibrary">
<msg time="2024-04-25T09:02:06.853278" level="INFO">Sending key(s) ('BACKSPACE',) to //input[contains(@placeholder,'Digite o e-mail corporativo')] element.</msg>
<msg time="2024-04-25T09:02:07.139940" level="INFO">Pressing special key BACKSPACE to element.</msg>
<msg time="2024-04-25T09:02:07.139940" level="INFO">Releasing special key BACKSPACE.</msg>
<arg>${campos_cadastro_usuario.email}</arg>
<arg>BACKSPACE</arg>
<doc>Simulates the user pressing key(s) to an element or on the active browser.</doc>
<status status="PASS" start="2024-04-25T09:02:06.852297" elapsed="0.304056"/>
</kw>
<kw name="Press Keys" owner="SeleniumLibrary">
<msg time="2024-04-25T09:02:07.158351" level="INFO">Sending key(s) ('BACKSPACE',) to //input[contains(@placeholder,'Digite o e-mail corporativo')] element.</msg>
<msg time="2024-04-25T09:02:07.450675" level="INFO">Pressing special key BACKSPACE to element.</msg>
<msg time="2024-04-25T09:02:07.450675" level="INFO">Releasing special key BACKSPACE.</msg>
<arg>${campos_cadastro_usuario.email}</arg>
<arg>BACKSPACE</arg>
<doc>Simulates the user pressing key(s) to an element or on the active browser.</doc>
<status status="PASS" start="2024-04-25T09:02:07.156353" elapsed="0.305352"/>
</kw>
<kw name="Press Keys" owner="SeleniumLibrary">
<msg time="2024-04-25T09:02:07.462709" level="INFO">Sending key(s) ('BACKSPACE',) to //input[contains(@placeholder,'Digite o e-mail corporativo')] element.</msg>
<msg time="2024-04-25T09:02:07.752697" level="INFO">Pressing special key BACKSPACE to element.</msg>
<msg time="2024-04-25T09:02:07.752697" level="INFO">Releasing special key BACKSPACE.</msg>
<arg>${campos_cadastro_usuario.email}</arg>
<arg>BACKSPACE</arg>
<doc>Simulates the user pressing key(s) to an element or on the active browser.</doc>
<status status="PASS" start="2024-04-25T09:02:07.461705" elapsed="0.303905"/>
</kw>
<kw name="Press Keys" owner="SeleniumLibrary">
<msg time="2024-04-25T09:02:07.766610" level="INFO">Sending key(s) ('BACKSPACE',) to //input[contains(@placeholder,'Digite o e-mail corporativo')] element.</msg>
<msg time="2024-04-25T09:02:08.050439" level="INFO">Pressing special key BACKSPACE to element.</msg>
<msg time="2024-04-25T09:02:08.050439" level="INFO">Releasing special key BACKSPACE.</msg>
<arg>${campos_cadastro_usuario.email}</arg>
<arg>BACKSPACE</arg>
<doc>Simulates the user pressing key(s) to an element or on the active browser.</doc>
<status status="PASS" start="2024-04-25T09:02:07.766610" elapsed="0.296718"/>
</kw>
<kw name="Press Keys" owner="SeleniumLibrary">
<msg time="2024-04-25T09:02:08.064327" level="INFO">Sending key(s) ('BACKSPACE',) to //input[contains(@placeholder,'Digite o e-mail corporativo')] element.</msg>
<msg time="2024-04-25T09:02:08.376296" level="INFO">Pressing special key BACKSPACE to element.</msg>
<msg time="2024-04-25T09:02:08.376296" level="INFO">Releasing special key BACKSPACE.</msg>
<arg>${campos_cadastro_usuario.email}</arg>
<arg>BACKSPACE</arg>
<doc>Simulates the user pressing key(s) to an element or on the active browser.</doc>
<status status="PASS" start="2024-04-25T09:02:08.063328" elapsed="0.321110"/>
</kw>
<kw name="Input Text" owner="SeleniumLibrary">
<msg time="2024-04-25T09:02:08.385437" level="INFO">Typing text 'otavio.ferreira@sidia.com' into text field '//input[contains(@placeholder,'Digite o e-mail corporativo')]'.</msg>
<arg>${campos_cadastro_usuario.email}</arg>
<arg>otavio.ferreira@sidia.com</arg>
<doc>Types the given ``text`` into the text field identified by ``locator``.</doc>
<status status="PASS" start="2024-04-25T09:02:08.384438" elapsed="0.089908"/>
</kw>
<kw name="Sleep" owner="BuiltIn">
<msg time="2024-04-25T09:02:10.474658" level="INFO">Slept 2 seconds.</msg>
<arg>time_=2</arg>
<doc>Pauses the test executed for the given time.</doc>
<status status="PASS" start="2024-04-25T09:02:08.474346" elapsed="2.000312"/>
</kw>
<kw name="Click Element" owner="SeleniumLibrary">
<msg time="2024-04-25T09:02:10.475695" level="INFO">Clicking element 'xpath=//button[@type='submit'][contains(.,'Salvar')]'.</msg>
<arg>${botao_salvar}</arg>
<doc>Click the element identified by ``locator``.</doc>
<status status="PASS" start="2024-04-25T09:02:10.474658" elapsed="0.098022"/>
</kw>
<kw name="Sleep" owner="BuiltIn">
<msg time="2024-04-25T09:02:12.573062" level="INFO">Slept 2 seconds.</msg>
<arg>time_=2</arg>
<doc>Pauses the test executed for the given time.</doc>
<status status="PASS" start="2024-04-25T09:02:10.572680" elapsed="2.000382"/>
</kw>
<kw name="Page Should Contain" owner="SeleniumLibrary">
<msg time="2024-04-25T09:02:12.588200" level="INFO">Current page contains text 'otavio.ferreira@sidia.com'.</msg>
<arg>otavio.ferreira@sidia.com</arg>
<doc>Verifies that current page contains ``text``.</doc>
<status status="PASS" start="2024-04-25T09:02:12.573062" elapsed="0.015138"/>
</kw>
<kw name="Page Should Contain" owner="SeleniumLibrary">
<msg time="2024-04-25T09:02:12.603738" level="INFO">Current page contains text 'Otavio Ferreira'.</msg>
<arg>Otavio Ferreira</arg>
<doc>Verifies that current page contains ``text``.</doc>
<status status="PASS" start="2024-04-25T09:02:12.589206" elapsed="0.014532"/>
</kw>
<status status="PASS" start="2024-04-25T09:01:45.195025" elapsed="27.408713"/>
</kw>
<kw name="Fechar navegador" owner="main" type="TEARDOWN">
<kw name="Close Browser" owner="SeleniumLibrary">
<doc>Closes the current browser.</doc>
<status status="PASS" start="2024-04-25T09:02:12.603738" elapsed="2.182889"/>
</kw>
<status status="PASS" start="2024-04-25T09:02:12.603738" elapsed="2.182889"/>
</kw>
<status status="PASS" start="2024-04-25T09:01:39.806731" elapsed="34.979896"/>
</test>
<test id="s1-s2-t3" name="Deletar Uusuário sidia" line="16">
<kw name="Abrir navegador" owner="main" type="SETUP">
<kw name="Open Browser" owner="SeleniumLibrary">
<msg time="2024-04-25T09:02:14.788591" level="INFO">Opening browser 'chrome' to base url 'http://172.17.1.97:8080/'.</msg>
<arg>${URL}</arg>
<arg>chrome</arg>
<doc>Opens a new browser instance to the optional ``url``.</doc>
<status status="PASS" start="2024-04-25T09:02:14.788591" elapsed="2.169260"/>
</kw>
<kw name="Maximize Browser Window" owner="SeleniumLibrary">
<doc>Maximizes current browser window.</doc>
<status status="PASS" start="2024-04-25T09:02:16.957851" elapsed="0.201818"/>
</kw>
<status status="PASS" start="2024-04-25T09:02:14.787589" elapsed="2.372080"/>
</kw>
<kw name="Dado que estou na página de Login" owner="login_resources">
<kw name="Wait Until Element Is Visible" owner="SeleniumLibrary">
<arg>${Sign-in}</arg>
<doc>Waits until the element ``locator`` is visible.</doc>
<status status="PASS" start="2024-04-25T09:02:17.160682" elapsed="0.088531"/>
</kw>
<status status="PASS" start="2024-04-25T09:02:17.159669" elapsed="0.089544"/>
</kw>
<kw name="Dado que eu preencho os campos email com credenciais validas" owner="login_resources">
<kw name="Click Element" owner="SeleniumLibrary">
<msg time="2024-04-25T09:02:17.250211" level="INFO">Clicking element 'xpath=//input[contains(@id,'text-input')]'.</msg>
<arg>${campo_email}</arg>
<doc>Click the element identified by ``locator``.</doc>
<status status="PASS" start="2024-04-25T09:02:17.250211" elapsed="0.158138"/>
</kw>
<kw name="Input Text" owner="SeleniumLibrary">
<msg time="2024-04-25T09:02:17.409343" level="INFO">Typing text 'test_otavio.franco@sidia.com' into text field 'xpath=//input[contains(@id,'text-input')]'.</msg>
<arg>${campo_email}</arg>
<arg>${Usuario.usuario_sidia}</arg>
<doc>Types the given ``text`` into the text field identified by ``locator``.</doc>
<status status="PASS" start="2024-04-25T09:02:17.408349" elapsed="0.137110"/>
</kw>
<kw name="Click Element" owner="SeleniumLibrary">
<msg time="2024-04-25T09:02:17.545459" level="INFO">Clicking element 'xpath=//button[contains(@id,'submit-form-button')]'.</msg>
<arg>${botao entrar}</arg>
<doc>Click the element identified by ``locator``.</doc>
<status status="PASS" start="2024-04-25T09:02:17.545459" elapsed="0.058131"/>
</kw>
<kw name="Sleep" owner="BuiltIn">
<msg time="2024-04-25T09:02:19.604852" level="INFO">Slept 2 seconds.</msg>
<arg>time_=2</arg>
<doc>Pauses the test executed for the given time.</doc>
<status status="PASS" start="2024-04-25T09:02:17.604591" elapsed="2.000261"/>
</kw>
<kw name="Click Element" owner="SeleniumLibrary">
<msg time="2024-04-25T09:02:19.605389" level="INFO">Clicking element 'xpath=//button[contains(@id,'submit-form-button')]'.</msg>
<arg>${botao_acessar}</arg>
<doc>Click the element identified by ``locator``.</doc>
<status status="PASS" start="2024-04-25T09:02:19.604852" elapsed="0.062559"/>
</kw>
<kw name="Wait Until Element Is Visible" owner="SeleniumLibrary">
<arg>${Pagina_Home}</arg>
<doc>Waits until the element ``locator`` is visible.</doc>
<status status="PASS" start="2024-04-25T09:02:19.667411" elapsed="0.269066"/>
</kw>
<status status="PASS" start="2024-04-25T09:02:17.249213" elapsed="2.687264"/>
</kw>
<kw name="Dado que eu excluo com perfil Sidia um usuario sidia" owner="Profile_Sidia_Usuarios_resources">
<kw name="Click Element" owner="SeleniumLibrary">
<msg time="2024-04-25T09:02:19.938465" level="INFO">Clicking element 'xpath=//p[@class='chakra-text css-1q8b5yy'][contains(.,'Usuários')]'.</msg>
<arg>${Menu_usuarios}</arg>
<doc>Click the element identified by ``locator``.</doc>
<status status="PASS" start="2024-04-25T09:02:19.937478" elapsed="0.092122"/>
</kw>
<kw name="Click Element" owner="SeleniumLibrary">
<msg time="2024-04-25T09:02:20.030602" level="INFO">Clicking element 'xpath=(//button[@aria-label='Delete user'])[3]'.</msg>
<arg>${deletarusersidia}</arg>
<doc>Click the element identified by ``locator``.</doc>
<status status="PASS" start="2024-04-25T09:02:20.030602" elapsed="0.122395"/>
</kw>
<kw name="Sleep" owner="BuiltIn">
<msg time="2024-04-25T09:02:23.153438" level="INFO">Slept 3 seconds.</msg>
<arg>time_=3</arg>
<doc>Pauses the test executed for the given time.</doc>
<status status="PASS" start="2024-04-25T09:02:20.152997" elapsed="3.000441"/>
</kw>
<kw name="Click Element" owner="SeleniumLibrary">
<msg time="2024-04-25T09:02:23.153960" level="INFO">Clicking element 'xpath=//button[@type='button'][contains(.,'Sim')]'.</msg>
<arg>${botãoconfirmardelecao}</arg>
<doc>Click the element identified by ``locator``.</doc>
<status status="PASS" start="2024-04-25T09:02:23.153960" elapsed="0.057753"/>
</kw>
<kw name="Sleep" owner="BuiltIn">
<msg time="2024-04-25T09:02:28.212261" level="INFO">Slept 5 seconds.</msg>
<arg>time_=5</arg>
<doc>Pauses the test executed for the given time.</doc>
<status status="PASS" start="2024-04-25T09:02:23.211713" elapsed="5.000548"/>
</kw>
<kw name="Page Should Contain Element" owner="SeleniumLibrary">
<msg time="2024-04-25T09:02:28.224145" level="INFO">Current page contains element 'xpath=//p[@class='chakra-text css-qqfgvy'][contains(.,'Usuário deletado com sucesso!')]'.</msg>
<arg>${msn_usuariodeletado}</arg>
<doc>Verifies that element ``locator`` is found on the current page.</doc>
<status status="PASS" start="2024-04-25T09:02:28.212261" elapsed="0.011884"/>
</kw>
<kw name="Click Element" owner="SeleniumLibrary">
<msg time="2024-04-25T09:02:28.225156" level="INFO">Clicking element 'xpath=//input[contains(@placeholder,'Pesquisar por nome')]'.</msg>
<arg>${botao_pesquisar}</arg>
<doc>Click the element identified by ``locator``.</doc>
<status status="PASS" start="2024-04-25T09:02:28.224145" elapsed="0.061794"/>
</kw>
<kw name="Input Text" owner="SeleniumLibrary">
<msg time="2024-04-25T09:02:28.285939" level="INFO">Typing text 'Otavio Ferreira' into text field 'xpath=//input[contains(@placeholder,'Pesquisar por nome')]'.</msg>
<arg>${botao_pesquisar}</arg>
<arg>Otavio Ferreira</arg>
<doc>Types the given ``text`` into the text field identified by ``locator``.</doc>
<status status="PASS" start="2024-04-25T09:02:28.285939" elapsed="0.209640"/>
</kw>
<kw name="Sleep" owner="BuiltIn">
<msg time="2024-04-25T09:02:30.497173" level="INFO">Slept 2 seconds.</msg>
<arg>time_=2</arg>
<doc>Pauses the test executed for the given time.</doc>
<status status="PASS" start="2024-04-25T09:02:28.496579" elapsed="2.000594"/>
</kw>
<kw name="Page Should Not Contain" owner="SeleniumLibrary">
<msg time="2024-04-25T09:02:30.526689" level="INFO">Current page does not contain text 'Otavio Ferreira'.</msg>
<arg>Otavio Ferreira</arg>
<doc>Verifies the current page does not contain ``text``.</doc>
<status status="PASS" start="2024-04-25T09:02:30.497173" elapsed="0.029516"/>
</kw>
<status status="PASS" start="2024-04-25T09:02:19.937478" elapsed="10.589211"/>
</kw>
<kw name="Fechar navegador" owner="main" type="TEARDOWN">
<kw name="Close Browser" owner="SeleniumLibrary">
<doc>Closes the current browser.</doc>
<status status="PASS" start="2024-04-25T09:02:30.527703" elapsed="2.174541"/>
</kw>
<status status="PASS" start="2024-04-25T09:02:30.527703" elapsed="2.174541"/>
</kw>
<status status="PASS" start="2024-04-25T09:02:14.787589" elapsed="17.914655"/>
</test>
<test id="s1-s2-t4" name="Verificar o login do usuário SIDIA cadastrado" line="20">
<kw name="Abrir navegador" owner="main" type="SETUP">
<kw name="Open Browser" owner="SeleniumLibrary">
<msg time="2024-04-25T09:02:32.703216" level="INFO">Opening browser 'chrome' to base url 'http://172.17.1.97:8080/'.</msg>
<arg>${URL}</arg>
<arg>chrome</arg>
<doc>Opens a new browser instance to the optional ``url``.</doc>
<status status="PASS" start="2024-04-25T09:02:32.703216" elapsed="2.140768"/>
</kw>
<kw name="Maximize Browser Window" owner="SeleniumLibrary">
<doc>Maximizes current browser window.</doc>
<status status="PASS" start="2024-04-25T09:02:34.843984" elapsed="0.192155"/>
</kw>
<status status="PASS" start="2024-04-25T09:02:32.703216" elapsed="2.332923"/>
</kw>
<kw name="Dado que estou na página de Login" owner="login_resources">
<kw name="Wait Until Element Is Visible" owner="SeleniumLibrary">
<arg>${Sign-in}</arg>
<doc>Waits until the element ``locator`` is visible.</doc>
<status status="PASS" start="2024-04-25T09:02:35.037137" elapsed="0.060992"/>
</kw>
<status status="PASS" start="2024-04-25T09:02:35.037137" elapsed="0.060992"/>
</kw>
<kw name="Dado que eu preencho o login do usuário SIDIA cadastrado" owner="login_resources">
<kw name="Click Element" owner="SeleniumLibrary">
<msg time="2024-04-25T09:02:35.100131" level="INFO">Clicking element 'xpath=//input[contains(@id,'text-input')]'.</msg>
<arg>${campo_email}</arg>
<doc>Click the element identified by ``locator``.</doc>
<status status="PASS" start="2024-04-25T09:02:35.099129" elapsed="0.215700"/>
</kw>
<kw name="Input Text" owner="SeleniumLibrary">
<msg time="2024-04-25T09:02:35.315827" level="INFO">Typing text 'test_usersidia@sidia.com' into text field 'xpath=//input[contains(@id,'text-input')]'.</msg>
<arg>${campo_email}</arg>
<arg>${Usuario.usuario_usuariosidianew}</arg>
<doc>Types the given ``text`` into the text field identified by ``locator``.</doc>
<status status="PASS" start="2024-04-25T09:02:35.314829" elapsed="0.131810"/>
</kw>
<kw name="Click Element" owner="SeleniumLibrary">
<msg time="2024-04-25T09:02:35.446639" level="INFO">Clicking element 'xpath=//button[contains(@id,'submit-form-button')]'.</msg>
<arg>${botao entrar}</arg>
<doc>Click the element identified by ``locator``.</doc>
<status status="PASS" start="2024-04-25T09:02:35.446639" elapsed="0.055035"/>
</kw>
<kw name="Sleep" owner="BuiltIn">
<msg time="2024-04-25T09:02:37.502163" level="INFO">Slept 2 seconds.</msg>
<arg>time_=2</arg>
<doc>Pauses the test executed for the given time.</doc>
<status status="PASS" start="2024-04-25T09:02:35.501674" elapsed="2.000489"/>
</kw>
<kw name="Click Element" owner="SeleniumLibrary">
<msg time="2024-04-25T09:02:37.502677" level="INFO">Clicking element 'xpath=//button[contains(@id,'submit-form-button')]'.</msg>
<arg>${botao_acessar}</arg>
<doc>Click the element identified by ``locator``.</doc>
<status status="PASS" start="2024-04-25T09:02:37.502163" elapsed="0.066047"/>
</kw>
<kw name="Wait Until Element Is Visible" owner="SeleniumLibrary">
<arg>${Pagina_Home}</arg>
<doc>Waits until the element ``locator`` is visible.</doc>
<status status="PASS" start="2024-04-25T09:02:37.569221" elapsed="0.256424"/>
</kw>
<status status="PASS" start="2024-04-25T09:02:35.099129" elapsed="2.726516"/>
</kw>
<kw name="Fechar navegador" owner="main" type="TEARDOWN">
<kw name="Close Browser" owner="SeleniumLibrary">
<doc>Closes the current browser.</doc>
<status status="PASS" start="2024-04-25T09:02:37.825645" elapsed="2.189283"/>
</kw>
<status status="PASS" start="2024-04-25T09:02:37.825645" elapsed="2.189283"/>
</kw>
<status status="PASS" start="2024-04-25T09:02:32.702244" elapsed="7.312684"/>
</test>
<test id="s1-s2-t5" name="Cadastrar usuário LAO" line="23">
<kw name="Abrir navegador" owner="main" type="SETUP">
<kw name="Open Browser" owner="SeleniumLibrary">
<msg time="2024-04-25T09:02:40.015954" level="INFO">Opening browser 'chrome' to base url 'http://172.17.1.97:8080/'.</msg>
<arg>${URL}</arg>
<arg>chrome</arg>
<doc>Opens a new browser instance to the optional ``url``.</doc>
<status status="PASS" start="2024-04-25T09:02:40.015954" elapsed="2.090601"/>
</kw>
<kw name="Maximize Browser Window" owner="SeleniumLibrary">
<doc>Maximizes current browser window.</doc>
<status status="PASS" start="2024-04-25T09:02:42.107553" elapsed="0.230563"/>
</kw>
<status status="PASS" start="2024-04-25T09:02:40.015954" elapsed="2.323157"/>
</kw>
<kw name="Dado que estou na página de Login" owner="login_resources">
<kw name="Wait Until Element Is Visible" owner="SeleniumLibrary">
<arg>${Sign-in}</arg>
<doc>Waits until the element ``locator`` is visible.</doc>
<status status="PASS" start="2024-04-25T09:02:42.340097" elapsed="0.189096"/>
</kw>
<status status="PASS" start="2024-04-25T09:02:42.339111" elapsed="0.191093"/>
</kw>
<kw name="Dado que eu preencho os campos email com credenciais validas" owner="login_resources">
<kw name="Click Element" owner="SeleniumLibrary">
<msg time="2024-04-25T09:02:42.530204" level="INFO">Clicking element 'xpath=//input[contains(@id,'text-input')]'.</msg>
<arg>${campo_email}</arg>
<doc>Click the element identified by ``locator``.</doc>
<status status="PASS" start="2024-04-25T09:02:42.530204" elapsed="0.067217"/>
</kw>
<kw name="Input Text" owner="SeleniumLibrary">
<msg time="2024-04-25T09:02:42.599420" level="INFO">Typing text 'test_otavio.franco@sidia.com' into text field 'xpath=//input[contains(@id,'text-input')]'.</msg>
<arg>${campo_email}</arg>
<arg>${Usuario.usuario_sidia}</arg>
<doc>Types the given ``text`` into the text field identified by ``locator``.</doc>
<status status="PASS" start="2024-04-25T09:02:42.597421" elapsed="0.120539"/>
</kw>
<kw name="Click Element" owner="SeleniumLibrary">
<msg time="2024-04-25T09:02:42.717960" level="INFO">Clicking element 'xpath=//button[contains(@id,'submit-form-button')]'.</msg>
<arg>${botao entrar}</arg>
<doc>Click the element identified by ``locator``.</doc>
<status status="PASS" start="2024-04-25T09:02:42.717960" elapsed="0.058528"/>
</kw>
<kw name="Sleep" owner="BuiltIn">
<msg time="2024-04-25T09:02:44.776909" level="INFO">Slept 2 seconds.</msg>
<arg>time_=2</arg>
<doc>Pauses the test executed for the given time.</doc>
<status status="PASS" start="2024-04-25T09:02:42.776488" elapsed="2.000421"/>
</kw>
<kw name="Click Element" owner="SeleniumLibrary">
<msg time="2024-04-25T09:02:44.776909" level="INFO">Clicking element 'xpath=//button[contains(@id,'submit-form-button')]'.</msg>
<arg>${botao_acessar}</arg>
<doc>Click the element identified by ``locator``.</doc>
<status status="PASS" start="2024-04-25T09:02:44.776909" elapsed="0.056014"/>
</kw>
<kw name="Wait Until Element Is Visible" owner="SeleniumLibrary">
<arg>${Pagina_Home}</arg>
<doc>Waits until the element ``locator`` is visible.</doc>
<status status="PASS" start="2024-04-25T09:02:44.832923" elapsed="0.233232"/>
</kw>
<status status="PASS" start="2024-04-25T09:02:42.530204" elapsed="2.535951"/>
</kw>
<kw name="Dado que eu cadastro um usuario LAO" owner="Profile_Sidia_Usuarios_resources">
<kw name="Click Element" owner="SeleniumLibrary">
<msg time="2024-04-25T09:02:45.067193" level="INFO">Clicking element 'xpath=//p[@class='chakra-text css-1q8b5yy'][contains(.,'Usuários')]'.</msg>
<arg>${Menu_usuarios}</arg>
<doc>Click the element identified by ``locator``.</doc>
<status status="PASS" start="2024-04-25T09:02:45.067193" elapsed="0.105493"/>
</kw>
<kw name="Click Element" owner="SeleniumLibrary">
<msg time="2024-04-25T09:02:45.173688" level="INFO">Clicking element 'xpath=//button[@type='button'][contains(.,'Novo usuário')]'.</msg>
<arg>${botao_novo_usuario}</arg>
<doc>Click the element identified by ``locator``.</doc>
<status status="PASS" start="2024-04-25T09:02:45.173688" elapsed="0.116528"/>
</kw>
<kw name="Click Element" owner="SeleniumLibrary">
<msg time="2024-04-25T09:02:45.291214" level="INFO">Clicking element '//input[contains(@placeholder,'Digite o nome completo')]'.</msg>
<arg>${campos_cadastro_usuario.nome}</arg>
<doc>Click the element identified by ``locator``.</doc>
<status status="PASS" start="2024-04-25T09:02:45.290216" elapsed="0.091535"/>
</kw>
<kw name="Input Text" owner="SeleniumLibrary">
<msg time="2024-04-25T09:02:45.382736" level="INFO">Typing text 'User Lao' into text field '//input[contains(@placeholder,'Digite o nome completo')]'.</msg>
<arg>${campos_cadastro_usuario.nome}</arg>
<arg>${NovoUsuarioLao.Nome}</arg>
<doc>Types the given ``text`` into the text field identified by ``locator``.</doc>
<status status="PASS" start="2024-04-25T09:02:45.381751" elapsed="0.114583"/>
</kw>
<kw name="Click Element" owner="SeleniumLibrary">
<msg time="2024-04-25T09:02:45.497317" level="INFO">Clicking element '//select[contains(@id,'select-input')]'.</msg>
<arg>${campos_cadastro_usuario.perfil}</arg>
<doc>Click the element identified by ``locator``.</doc>
<status status="PASS" start="2024-04-25T09:02:45.496334" elapsed="0.088521"/>
</kw>
<kw name="Click Element" owner="SeleniumLibrary">
<msg time="2024-04-25T09:02:45.586859" level="INFO">Clicking element '//option[@value='2:'][contains(.,'LAO')]'.</msg>
<arg>${campos_cadastro_usuario.selectLAO}</arg>
<doc>Click the element identified by ``locator``.</doc>
<status status="PASS" start="2024-04-25T09:02:45.584855" elapsed="0.052011"/>
</kw>
<kw name="Click Element" owner="SeleniumLibrary">
<msg time="2024-04-25T09:02:45.637865" level="INFO">Clicking element '//input[contains(@placeholder,'Digite o e-mail corporativo')]'.</msg>
<arg>${campos_cadastro_usuario.email}</arg>
<doc>Click the element identified by ``locator``.</doc>
<status status="PASS" start="2024-04-25T09:02:45.636866" elapsed="0.100594"/>
</kw>
<kw name="Input Text" owner="SeleniumLibrary">
<msg time="2024-04-25T09:02:45.739465" level="INFO">Typing text 'userlao@sidia.com' into text field '//input[contains(@placeholder,'Digite o e-mail corporativo')]'.</msg>
<arg>${campos_cadastro_usuario.email}</arg>
<arg>${NovoUsuarioLao.Email}</arg>
<doc>Types the given ``text`` into the text field identified by ``locator``.</doc>
<status status="PASS" start="2024-04-25T09:02:45.737460" elapsed="0.116888"/>
</kw>
<kw name="Click Element" owner="SeleniumLibrary">
<msg time="2024-04-25T09:02:45.855351" level="INFO">Clicking element 'xpath=//button[@type='submit'][contains(.,'Salvar')]'.</msg>
<arg>${botao_salvar}</arg>
<doc>Click the element identified by ``locator``.</doc>
<status status="PASS" start="2024-04-25T09:02:45.854348" elapsed="0.062000"/>
</kw>
<kw name="Wait Until Element Is Visible" owner="SeleniumLibrary">
<arg>${msn_usersalvo}</arg>
<doc>Waits until the element ``locator`` is visible.</doc>
<status status="PASS" start="2024-04-25T09:02:45.916348" elapsed="0.461157"/>
</kw>
<kw name="Sleep" owner="BuiltIn">
<msg time="2024-04-25T09:02:51.378924" level="INFO">Slept 5 seconds.</msg>
<arg>time_=5</arg>
<doc>Pauses the test executed for the given time.</doc>
<status status="PASS" start="2024-04-25T09:02:46.378533" elapsed="5.000391"/>
</kw>
<kw name="Wait Until Page Contains" owner="SeleniumLibrary">
<arg>User Lao</arg>
<doc>Waits until ``text`` appears on the current page.</doc>
<status status="PASS" start="2024-04-25T09:02:51.378924" elapsed="0.014009"/>
</kw>
<kw name="Sleep" owner="BuiltIn">
<msg time="2024-04-25T09:02:54.393368" level="INFO">Slept 3 seconds.</msg>
<arg>time_=3</arg>
<doc>Pauses the test executed for the given time.</doc>
<status status="PASS" start="2024-04-25T09:02:51.392933" elapsed="3.000435"/>
</kw>
<status status="PASS" start="2024-04-25T09:02:45.067193" elapsed="9.326175"/>
</kw>
<kw name="Fechar navegador" owner="main" type="TEARDOWN">
<kw name="Close Browser" owner="SeleniumLibrary">
<doc>Closes the current browser.</doc>
<status status="PASS" start="2024-04-25T09:02:54.393872" elapsed="2.204129"/>
</kw>
<status status="PASS" start="2024-04-25T09:02:54.393872" elapsed="2.204129"/>
</kw>
<status status="PASS" start="2024-04-25T09:02:40.015954" elapsed="16.583084"/>
</test>
<test id="s1-s2-t6" name="Verificar o login do usuário LAO" line="27">
<kw name="Abrir navegador" owner="main" type="SETUP">
<kw name="Open Browser" owner="SeleniumLibrary">
<msg time="2024-04-25T09:02:56.600033" level="INFO">Opening browser 'chrome' to base url 'http://172.17.1.97:8080/'.</msg>
<arg>${URL}</arg>
<arg>chrome</arg>
<doc>Opens a new browser instance to the optional ``url``.</doc>
<status status="PASS" start="2024-04-25T09:02:56.600033" elapsed="2.092623"/>
</kw>
<kw name="Maximize Browser Window" owner="SeleniumLibrary">
<doc>Maximizes current browser window.</doc>
<status status="PASS" start="2024-04-25T09:02:58.692656" elapsed="0.213874"/>
</kw>
<status status="PASS" start="2024-04-25T09:02:56.600033" elapsed="2.306497"/>
</kw>
<kw name="Dado que estou na página de Login" owner="login_resources">
<kw name="Wait Until Element Is Visible" owner="SeleniumLibrary">
<arg>${Sign-in}</arg>
<doc>Waits until the element ``locator`` is visible.</doc>
<status status="PASS" start="2024-04-25T09:02:58.909525" elapsed="0.188604"/>
</kw>
<status status="PASS" start="2024-04-25T09:02:58.908533" elapsed="0.190592"/>
</kw>
<kw name="Dado que eu preencho o login do usuário LAO cadastrado" owner="login_resources">
<kw name="Click Element" owner="SeleniumLibrary">
<msg time="2024-04-25T09:02:59.099125" level="INFO">Clicking element 'xpath=//input[contains(@id,'text-input')]'.</msg>
<arg>${campo_email}</arg>
<doc>Click the element identified by ``locator``.</doc>
<status status="PASS" start="2024-04-25T09:02:59.099125" elapsed="0.071572"/>
</kw>
<kw name="Input Text" owner="SeleniumLibrary">
<msg time="2024-04-25T09:02:59.171699" level="INFO">Typing text 'test_userlao@sidia.com' into text field 'xpath=//input[contains(@id,'text-input')]'.</msg>
<arg>${campo_email}</arg>
<arg>${Usuario.usuario_suariolaonew}</arg>
<doc>Types the given ``text`` into the text field identified by ``locator``.</doc>
<status status="PASS" start="2024-04-25T09:02:59.170697" elapsed="0.119289"/>
</kw>
<kw name="Click Element" owner="SeleniumLibrary">
<msg time="2024-04-25T09:02:59.290991" level="INFO">Clicking element 'xpath=//button[contains(@id,'submit-form-button')]'.</msg>
<arg>${botao entrar}</arg>
<doc>Click the element identified by ``locator``.</doc>
<status status="PASS" start="2024-04-25T09:02:59.289986" elapsed="0.059237"/>
</kw>
<kw name="Sleep" owner="BuiltIn">
<msg time="2024-04-25T09:03:01.350507" level="INFO">Slept 2 seconds.</msg>
<arg>time_=2</arg>
<doc>Pauses the test executed for the given time.</doc>
<status status="PASS" start="2024-04-25T09:02:59.349223" elapsed="2.001284"/>
</kw>
<kw name="Click Element" owner="SeleniumLibrary">
<msg time="2024-04-25T09:03:01.350507" level="INFO">Clicking element 'xpath=//button[contains(@id,'submit-form-button')]'.</msg>
<arg>${botao_acessar}</arg>
<doc>Click the element identified by ``locator``.</doc>
<status status="PASS" start="2024-04-25T09:03:01.350507" elapsed="0.064038"/>
</kw>
<kw name="Wait Until Element Is Visible" owner="SeleniumLibrary">
<arg>${Pagina_Home}</arg>
<doc>Waits until the element ``locator`` is visible.</doc>
<status status="PASS" start="2024-04-25T09:03:01.414545" elapsed="0.233798"/>
</kw>
<status status="PASS" start="2024-04-25T09:02:59.099125" elapsed="2.549218"/>
</kw>
<kw name="Fechar navegador" owner="main" type="TEARDOWN">
<kw name="Close Browser" owner="SeleniumLibrary">
<doc>Closes the current browser.</doc>
<status status="PASS" start="2024-04-25T09:03:01.649343" elapsed="2.196861"/>
</kw>
<status status="PASS" start="2024-04-25T09:03:01.649343" elapsed="2.196861"/>
</kw>
<status status="PASS" start="2024-04-25T09:02:56.599038" elapsed="7.247166"/>
</test>
<test id="s1-s2-t7" name="Cadastrar usuário Sub" line="30">
<kw name="Abrir navegador" owner="main" type="SETUP">
<kw name="Open Browser" owner="SeleniumLibrary">
<msg time="2024-04-25T09:03:03.848268" level="INFO">Opening browser 'chrome' to base url 'http://172.17.1.97:8080/'.</msg>
<arg>${URL}</arg>
<arg>chrome</arg>
<doc>Opens a new browser instance to the optional ``url``.</doc>
<status status="PASS" start="2024-04-25T09:03:03.848268" elapsed="2.151137"/>
</kw>
<kw name="Maximize Browser Window" owner="SeleniumLibrary">
<doc>Maximizes current browser window.</doc>
<status status="PASS" start="2024-04-25T09:03:06.000408" elapsed="0.205067"/>
</kw>
<status status="PASS" start="2024-04-25T09:03:03.847269" elapsed="2.358206"/>
</kw>
<kw name="Dado que estou na página de Login" owner="login_resources">
<kw name="Wait Until Element Is Visible" owner="SeleniumLibrary">
<arg>${Sign-in}</arg>
<doc>Waits until the element ``locator`` is visible.</doc>
<status status="PASS" start="2024-04-25T09:03:06.207480" elapsed="0.059290"/>
</kw>
<status status="PASS" start="2024-04-25T09:03:06.206474" elapsed="0.060296"/>
</kw>
<kw name="Dado que eu preencho os campos email com credenciais validas" owner="login_resources">
<kw name="Click Element" owner="SeleniumLibrary">
<msg time="2024-04-25T09:03:06.267783" level="INFO">Clicking element 'xpath=//input[contains(@id,'text-input')]'.</msg>
<arg>${campo_email}</arg>
<doc>Click the element identified by ``locator``.</doc>
<status status="PASS" start="2024-04-25T09:03:06.267783" elapsed="0.169032"/>
</kw>
<kw name="Input Text" owner="SeleniumLibrary">
<msg time="2024-04-25T09:03:06.437815" level="INFO">Typing text 'test_otavio.franco@sidia.com' into text field 'xpath=//input[contains(@id,'text-input')]'.</msg>
<arg>${campo_email}</arg>
<arg>${Usuario.usuario_sidia}</arg>
<doc>Types the given ``text`` into the text field identified by ``locator``.</doc>
<status status="PASS" start="2024-04-25T09:03:06.436815" elapsed="0.134376"/>
</kw>
<kw name="Click Element" owner="SeleniumLibrary">
<msg time="2024-04-25T09:03:06.571191" level="INFO">Clicking element 'xpath=//button[contains(@id,'submit-form-button')]'.</msg>
<arg>${botao entrar}</arg>
<doc>Click the element identified by ``locator``.</doc>
<status status="PASS" start="2024-04-25T09:03:06.571191" elapsed="0.051828"/>
</kw>
<kw name="Sleep" owner="BuiltIn">
<msg time="2024-04-25T09:03:08.624404" level="INFO">Slept 2 seconds.</msg>
<arg>time_=2</arg>
<doc>Pauses the test executed for the given time.</doc>
<status status="PASS" start="2024-04-25T09:03:06.624031" elapsed="2.000373"/>
</kw>
<kw name="Click Element" owner="SeleniumLibrary">
<msg time="2024-04-25T09:03:08.624404" level="INFO">Clicking element 'xpath=//button[contains(@id,'submit-form-button')]'.</msg>
<arg>${botao_acessar}</arg>
<doc>Click the element identified by ``locator``.</doc>
<status status="PASS" start="2024-04-25T09:03:08.624404" elapsed="0.050041"/>
</kw>
<kw name="Wait Until Element Is Visible" owner="SeleniumLibrary">
<arg>${Pagina_Home}</arg>
<doc>Waits until the element ``locator`` is visible.</doc>
<status status="PASS" start="2024-04-25T09:03:08.674445" elapsed="0.450884"/>
</kw>
<status status="PASS" start="2024-04-25T09:03:06.266770" elapsed="2.858559"/>
</kw>
<kw name="Dado que eu cadastro um usuario Sub" owner="Profile_Sidia_Usuarios_resources">
[...]
</kw>
<kw name="Page Should Contain" owner="SeleniumLibrary">
<msg time="2024-04-25T09:09:36.176245" level="INFO">Current page contains text '*Campo obrigatório.'.</msg>
<arg>*Campo obrigatório.</arg>
<doc>Verifies that current page contains ``text``.</doc>
<status status="PASS" start="2024-04-25T09:09:36.157916" elapsed="0.018329"/>
</kw>
<status status="PASS" start="2024-04-25T09:09:33.157734" elapsed="3.018511"/>
</kw>
<kw name="Dado que eu verifrico as mensagem de campo Link obrigatório" owner="Profile_Sidia_Subsidiarias">
<kw name="Sleep" owner="BuiltIn">
<msg time="2024-04-25T09:09:39.177794" level="INFO">Slept 3 seconds.</msg>
<arg>time_=3</arg>
<doc>Pauses the test executed for the given time.</doc>
<status status="PASS" start="2024-04-25T09:09:36.177280" elapsed="3.000514"/>
</kw>
<kw name="Page Should Contain" owner="SeleniumLibrary">
<msg time="2024-04-25T09:09:39.208805" level="INFO">Current page contains text '*Campo obrigatório.'.</msg>
<arg>*Campo obrigatório.</arg>
<doc>Verifies that current page contains ``text``.</doc>
<status status="PASS" start="2024-04-25T09:09:39.177794" elapsed="0.031011"/>
</kw>
<status status="PASS" start="2024-04-25T09:09:36.176245" elapsed="3.032560"/>
</kw>
<kw name="Fechar navegador" owner="main" type="TEARDOWN">
<kw name="Close Browser" owner="SeleniumLibrary">
<doc>Closes the current browser.</doc>
<status status="PASS" start="2024-04-25T09:09:39.209807" elapsed="3.737008"/>
</kw>
<status status="PASS" start="2024-04-25T09:09:39.208805" elapsed="3.739070"/>
</kw>
<status status="PASS" start="2024-04-25T09:09:24.123796" elapsed="18.824079"/>
</test>
<test id="s1-s5-t4" name="Verificar filtro de subsidiárias" line="20">
<kw name="Abrir navegador" owner="main" type="SETUP">
<kw name="Open Browser" owner="SeleniumLibrary">
<msg time="2024-04-25T09:09:42.949854" level="INFO">Opening browser 'chrome' to base url 'http://172.17.1.97:8080/'.</msg>
<arg>${URL}</arg>
<arg>chrome</arg>
<doc>Opens a new browser instance to the optional ``url``.</doc>
<status status="PASS" start="2024-04-25T09:09:42.949854" elapsed="2.130238"/>
</kw>
<kw name="Maximize Browser Window" owner="SeleniumLibrary">
<doc>Maximizes current browser window.</doc>
<status status="PASS" start="2024-04-25T09:09:45.080092" elapsed="0.213579"/>
</kw>
<status status="PASS" start="2024-04-25T09:09:42.948854" elapsed="2.344817"/>
</kw>
<kw name="Dado que eu preencho os campos email com credenciais validas" owner="login_resources">
<kw name="Click Element" owner="SeleniumLibrary">
<msg time="2024-04-25T09:09:45.295673" level="INFO">Clicking element 'xpath=//input[contains(@id,'text-input')]'.</msg>
<arg>${campo_email}</arg>
<doc>Click the element identified by ``locator``.</doc>
<status status="PASS" start="2024-04-25T09:09:45.294670" elapsed="0.132627"/>
</kw>
<kw name="Input Text" owner="SeleniumLibrary">
<msg time="2024-04-25T09:09:45.428297" level="INFO">Typing text 'test_otavio.franco@sidia.com' into text field 'xpath=//input[contains(@id,'text-input')]'.</msg>
<arg>${campo_email}</arg>
<arg>${Usuario.usuario_sidia}</arg>
<doc>Types the given ``text`` into the text field identified by ``locator``.</doc>
<status status="PASS" start="2024-04-25T09:09:45.427297" elapsed="0.146124"/>
</kw>
<kw name="Click Element" owner="SeleniumLibrary">
<msg time="2024-04-25T09:09:45.573421" level="INFO">Clicking element 'xpath=//button[contains(@id,'submit-form-button')]'.</msg>
<arg>${botao entrar}</arg>
<doc>Click the element identified by ``locator``.</doc>
<status status="PASS" start="2024-04-25T09:09:45.573421" elapsed="0.168550"/>
</kw>
<kw name="Sleep" owner="BuiltIn">
<msg time="2024-04-25T09:09:47.742159" level="INFO">Slept 2 seconds.</msg>
<arg>time_=2</arg>
<doc>Pauses the test executed for the given time.</doc>
<status status="PASS" start="2024-04-25T09:09:45.741971" elapsed="2.000188"/>
</kw>
<kw name="Click Element" owner="SeleniumLibrary">
<msg time="2024-04-25T09:09:47.742159" level="INFO">Clicking element 'xpath=//button[contains(@id,'submit-form-button')]'.</msg>
<arg>${botao_acessar}</arg>
<doc>Click the element identified by ``locator``.</doc>
<status status="PASS" start="2024-04-25T09:09:47.742159" elapsed="0.051546"/>
</kw>
<kw name="Wait Until Element Is Visible" owner="SeleniumLibrary">
<arg>${Pagina_Home}</arg>
<doc>Waits until the element ``locator`` is visible.</doc>
<status status="PASS" start="2024-04-25T09:09:47.793705" elapsed="0.250122"/>
</kw>
<status status="PASS" start="2024-04-25T09:09:45.294670" elapsed="2.749157"/>
</kw>
<kw name="Dado que eu verifico o filtro de subsidiárias ativas" owner="Profile_Sidia_Subsidiarias">
<kw name="Click Element" owner="SeleniumLibrary">
<msg time="2024-04-25T09:09:48.044855" level="INFO">Clicking element 'xpath=//p[@class='chakra-text css-1q8b5yy'][contains(.,'Subsidiárias')]'.</msg>
<arg>${Menu_sub}</arg>
<doc>Click the element identified by ``locator``.</doc>
<status status="PASS" start="2024-04-25T09:09:48.043827" elapsed="0.096535"/>
</kw>
<kw name="Sleep" owner="BuiltIn">
<msg time="2024-04-25T09:09:50.140442" level="INFO">Slept 2 seconds.</msg>
<arg>time_=2</arg>
<doc>Pauses the test executed for the given time.</doc>
<status status="PASS" start="2024-04-25T09:09:48.140362" elapsed="2.000080"/>
</kw>
<kw name="Click Element" owner="SeleniumLibrary">
<msg time="2024-04-25T09:09:50.140442" level="INFO">Clicking element 'xpath=//*[@id="root"]/div/div/div/div[2]/div/div[1]/div[2]/select/option[2]'.</msg>
<arg>${filtrar_select_ativos}</arg>
<doc>Click the element identified by ``locator``.</doc>
<status status="PASS" start="2024-04-25T09:09:50.140442" elapsed="0.132472"/>
</kw>
<kw name="Sleep" owner="BuiltIn">
<msg time="2024-04-25T09:09:53.274436" level="INFO">Slept 3 seconds.</msg>
<arg>time_=3</arg>
<doc>Pauses the test executed for the given time.</doc>
<status status="PASS" start="2024-04-25T09:09:50.272914" elapsed="3.001522"/>
</kw>
<status status="PASS" start="2024-04-25T09:09:48.043827" elapsed="5.230609"/>
</kw>
<kw name="Dado que eu verifico o filtro de subsidiárias Desativadas" owner="Profile_Sidia_Subsidiarias">
<kw name="Click Element" owner="SeleniumLibrary">
<msg time="2024-04-25T09:09:53.275500" level="INFO">Clicking element 'xpath=//p[@class='chakra-text css-1q8b5yy'][contains(.,'Subsidiárias')]'.</msg>
<arg>${Menu_sub}</arg>
<doc>Click the element identified by ``locator``.</doc>
<status status="PASS" start="2024-04-25T09:09:53.275500" elapsed="0.068172"/>
</kw>
<kw name="Sleep" owner="BuiltIn">
<msg time="2024-04-25T09:09:55.343948" level="INFO">Slept 2 seconds.</msg>
<arg>time_=2</arg>
<doc>Pauses the test executed for the given time.</doc>
<status status="PASS" start="2024-04-25T09:09:53.343672" elapsed="2.000276"/>
</kw>
<kw name="Click Element" owner="SeleniumLibrary">
<msg time="2024-04-25T09:09:55.343948" level="INFO">Clicking element 'xpath=//*[@id="root"]/div/div/div/div[2]/div/div[1]/div[2]/select/option[3]'.</msg>
<arg>${filtrar_select_inativo}</arg>
<doc>Click the element identified by ``locator``.</doc>
<status status="PASS" start="2024-04-25T09:09:55.343948" elapsed="0.094108"/>
</kw>
<kw name="Sleep" owner="BuiltIn">
<msg time="2024-04-25T09:09:58.438272" level="INFO">Slept 3 seconds.</msg>
<arg>time_=3</arg>
<doc>Pauses the test executed for the given time.</doc>
<status status="PASS" start="2024-04-25T09:09:55.438056" elapsed="3.000216"/>
</kw>
<status status="PASS" start="2024-04-25T09:09:53.274436" elapsed="5.163836"/>
</kw>
<kw name="Fechar navegador" owner="main" type="TEARDOWN">
<kw name="Close Browser" owner="SeleniumLibrary">
<doc>Closes the current browser.</doc>
<status status="PASS" start="2024-04-25T09:09:58.438779" elapsed="2.193757"/>
</kw>
<status status="PASS" start="2024-04-25T09:09:58.438779" elapsed="2.194825"/>
</kw>
<status status="PASS" start="2024-04-25T09:09:42.947875" elapsed="17.685729"/>
</test>
<test id="s1-s5-t5" name="Verificar se é possivel cadastrar usuarios com sub cadastrada" line="24">
<kw name="Abrir navegador" owner="main" type="SETUP">
<kw name="Open Browser" owner="SeleniumLibrary">
<msg time="2024-04-25T09:10:00.635590" level="INFO">Opening browser 'chrome' to base url 'http://172.17.1.97:8080/'.</msg>
<arg>${URL}</arg>
<arg>chrome</arg>
<doc>Opens a new browser instance to the optional ``url``.</doc>
<status status="PASS" start="2024-04-25T09:10:00.635590" elapsed="2.143092"/>
</kw>
<kw name="Maximize Browser Window" owner="SeleniumLibrary">
<doc>Maximizes current browser window.</doc>
<status status="PASS" start="2024-04-25T09:10:02.778682" elapsed="0.209612"/>
</kw>
<status status="PASS" start="2024-04-25T09:10:00.634592" elapsed="2.354711"/>
</kw>
<kw name="Dado que eu preencho os campos email com credenciais validas" owner="login_resources">
<kw name="Click Element" owner="SeleniumLibrary">
<msg time="2024-04-25T09:10:02.992301" level="INFO">Clicking element 'xpath=//input[contains(@id,'text-input')]'.</msg>
<arg>${campo_email}</arg>
<doc>Click the element identified by ``locator``.</doc>
<status status="PASS" start="2024-04-25T09:10:02.992301" elapsed="0.265352"/>
</kw>
<kw name="Input Text" owner="SeleniumLibrary">
<msg time="2024-04-25T09:10:03.259632" level="INFO">Typing text 'test_otavio.franco@sidia.com' into text field 'xpath=//input[contains(@id,'text-input')]'.</msg>
<arg>${campo_email}</arg>
<arg>${Usuario.usuario_sidia}</arg>
<doc>Types the given ``text`` into the text field identified by ``locator``.</doc>
<status status="PASS" start="2024-04-25T09:10:03.258638" elapsed="0.124860"/>
</kw>
<kw name="Click Element" owner="SeleniumLibrary">
<msg time="2024-04-25T09:10:03.384502" level="INFO">Clicking element 'xpath=//button[contains(@id,'submit-form-button')]'.</msg>
<arg>${botao entrar}</arg>
<doc>Click the element identified by ``locator``.</doc>
<status status="PASS" start="2024-04-25T09:10:03.383498" elapsed="0.068670"/>
</kw>
<kw name="Sleep" owner="BuiltIn">
<msg time="2024-04-25T09:10:05.452507" level="INFO">Slept 2 seconds.</msg>
<arg>time_=2</arg>
<doc>Pauses the test executed for the given time.</doc>
<status status="PASS" start="2024-04-25T09:10:03.452168" elapsed="2.000339"/>
</kw>
<kw name="Click Element" owner="SeleniumLibrary">
<msg time="2024-04-25T09:10:05.453018" level="INFO">Clicking element 'xpath=//button[contains(@id,'submit-form-button')]'.</msg>
<arg>${botao_acessar}</arg>
<doc>Click the element identified by ``locator``.</doc>
<status status="PASS" start="2024-04-25T09:10:05.452507" elapsed="0.057598"/>
</kw>
<kw name="Wait Until Element Is Visible" owner="SeleniumLibrary">
<arg>${Pagina_Home}</arg>
<doc>Waits until the element ``locator`` is visible.</doc>
<status status="PASS" start="2024-04-25T09:10:05.511132" elapsed="0.441664"/>
</kw>
<status status="PASS" start="2024-04-25T09:10:02.990297" elapsed="2.963501"/>
</kw>
<kw name="Dado que eu verifico se é possivel cadastrar usuário com a subsidiária criada" owner="Profile_Sidia_Subsidiarias">
<kw name="Click Element" owner="SeleniumLibrary">
<msg time="2024-04-25T09:10:05.953798" level="INFO">Clicking element 'xpath=//p[@class='chakra-text css-1q8b5yy'][contains(.,'Usuários')]'.</msg>
<arg>${Menu_usuarios}</arg>
<doc>Click the element identified by ``locator``.</doc>
<status status="PASS" start="2024-04-25T09:10:05.953798" elapsed="0.083353"/>
</kw>
<kw name="Click Element" owner="SeleniumLibrary">
<msg time="2024-04-25T09:10:06.038153" level="INFO">Clicking element 'xpath=//button[@type='button'][contains(.,'Novo usuário')]'.</msg>
<arg>${botao_novo_usuario}</arg>
<doc>Click the element identified by ``locator``.</doc>
<status status="PASS" start="2024-04-25T09:10:06.037151" elapsed="0.079554"/>
</kw>
<kw name="Sleep" owner="BuiltIn">
<msg time="2024-04-25T09:10:09.117742" level="INFO">Slept 3 seconds.</msg>
<arg>time_=3</arg>
<doc>Pauses the test executed for the given time.</doc>
<status status="PASS" start="2024-04-25T09:10:06.117678" elapsed="3.000064"/>
</kw>
<kw name="Click Element" owner="SeleniumLibrary">
<msg time="2024-04-25T09:10:09.117742" level="INFO">Clicking element 'xpath=//select[contains(@id,'select-input')]'.</msg>
<arg>${profilenewsub}</arg>
<doc>Click the element identified by ``locator``.</doc>
<status status="PASS" start="2024-04-25T09:10:09.117742" elapsed="0.088543"/>
</kw>
<kw name="Sleep" owner="BuiltIn">
<msg time="2024-04-25T09:10:11.208261" level="INFO">Slept 2 seconds.</msg>
<arg>time_=2</arg>
<doc>Pauses the test executed for the given time.</doc>
<status status="PASS" start="2024-04-25T09:10:09.206285" elapsed="2.001976"/>
</kw>
<kw name="Page Should Contain" owner="SeleniumLibrary">
<msg time="2024-04-25T09:10:11.223468" level="INFO">Current page contains text 'SUBInativo - Sub_inativo21'.</msg>
<arg>${selectnewsub}</arg>
<doc>Verifies that current page contains ``text``.</doc>
<status status="PASS" start="2024-04-25T09:10:11.208261" elapsed="0.015207"/>
</kw>
<status status="PASS" start="2024-04-25T09:10:05.953798" elapsed="5.269670"/>
</kw>
<kw name="Fechar navegador" owner="main" type="TEARDOWN">
<kw name="Close Browser" owner="SeleniumLibrary">
<doc>Closes the current browser.</doc>
<status status="PASS" start="2024-04-25T09:10:11.223468" elapsed="2.190390"/>
</kw>
<status status="PASS" start="2024-04-25T09:10:11.223468" elapsed="2.190390"/>
</kw>
<status status="PASS" start="2024-04-25T09:10:00.633604" elapsed="12.780254"/>
</test>
<test id="s1-s5-t6" name="Verificar pesquisa de subsidiária" line="27">
<kw name="Abrir navegador" owner="main" type="SETUP">
<kw name="Open Browser" owner="SeleniumLibrary">
<msg time="2024-04-25T09:10:13.414859" level="INFO">Opening browser 'chrome' to base url 'http://172.17.1.97:8080/'.</msg>
<arg>${URL}</arg>
<arg>chrome</arg>
<doc>Opens a new browser instance to the optional ``url``.</doc>
<status status="PASS" start="2024-04-25T09:10:13.414859" elapsed="2.195937"/>
</kw>
<kw name="Maximize Browser Window" owner="SeleniumLibrary">
<doc>Maximizes current browser window.</doc>
<status status="PASS" start="2024-04-25T09:10:15.610796" elapsed="0.191829"/>
</kw>
<status status="PASS" start="2024-04-25T09:10:13.414859" elapsed="2.387766"/>
</kw>
<kw name="Dado que eu preencho os campos email com credenciais validas" owner="login_resources">
<kw name="Click Element" owner="SeleniumLibrary">
<msg time="2024-04-25T09:10:15.804640" level="INFO">Clicking element 'xpath=//input[contains(@id,'text-input')]'.</msg>
<arg>${campo_email}</arg>
<doc>Click the element identified by ``locator``.</doc>
<status status="PASS" start="2024-04-25T09:10:15.803635" elapsed="0.158484"/>
</kw>
<kw name="Input Text" owner="SeleniumLibrary">
<msg time="2024-04-25T09:10:15.964116" level="INFO">Typing text 'test_otavio.franco@sidia.com' into text field 'xpath=//input[contains(@id,'text-input')]'.</msg>
<arg>${campo_email}</arg>
<arg>${Usuario.usuario_sidia}</arg>
<doc>Types the given ``text`` into the text field identified by ``locator``.</doc>
<status status="PASS" start="2024-04-25T09:10:15.962119" elapsed="0.283574"/>
</kw>
<kw name="Click Element" owner="SeleniumLibrary">
<msg time="2024-04-25T09:10:16.245693" level="INFO">Clicking element 'xpath=//button[contains(@id,'submit-form-button')]'.</msg>
<arg>${botao entrar}</arg>
<doc>Click the element identified by ``locator``.</doc>
<status status="PASS" start="2024-04-25T09:10:16.245693" elapsed="0.056512"/>
</kw>
<kw name="Sleep" owner="BuiltIn">
<msg time="2024-04-25T09:10:18.302730" level="INFO">Slept 2 seconds.</msg>
<arg>time_=2</arg>
<doc>Pauses the test executed for the given time.</doc>
<status status="PASS" start="2024-04-25T09:10:16.302205" elapsed="2.000525"/>
</kw>
<kw name="Click Element" owner="SeleniumLibrary">
<msg time="2024-04-25T09:10:18.302730" level="INFO">Clicking element 'xpath=//button[contains(@id,'submit-form-button')]'.</msg>
<arg>${botao_acessar}</arg>
<doc>Click the element identified by ``locator``.</doc>
<status status="PASS" start="2024-04-25T09:10:18.302730" elapsed="0.056395"/>
</kw>
<kw name="Wait Until Element Is Visible" owner="SeleniumLibrary">
<arg>${Pagina_Home}</arg>
<doc>Waits until the element ``locator`` is visible.</doc>
<status status="PASS" start="2024-04-25T09:10:18.359125" elapsed="0.254207"/>
</kw>
<status status="PASS" start="2024-04-25T09:10:15.803635" elapsed="2.809697"/>
</kw>
<kw name="Dado que eu verifico a pesquisa de subsidiarias" owner="Profile_Sidia_Subsidiarias">
<kw name="Click Element" owner="SeleniumLibrary">
<msg time="2024-04-25T09:10:18.614329" level="INFO">Clicking element 'xpath=//p[@class='chakra-text css-1q8b5yy'][contains(.,'Subsidiárias')]'.</msg>
<arg>${Menu_sub}</arg>
<doc>Click the element identified by ``locator``.</doc>
<status status="PASS" start="2024-04-25T09:10:18.613332" elapsed="0.105525"/>
</kw>
<kw name="Click Element" owner="SeleniumLibrary">
<msg time="2024-04-25T09:10:18.719856" level="INFO">Clicking element 'xpath=//input[contains(@id,'input-search-subsidiaries')]'.</msg>
<arg>${botaopesquisarsub}</arg>
<doc>Click the element identified by ``locator``.</doc>
<status status="PASS" start="2024-04-25T09:10:18.718857" elapsed="0.467149"/>
</kw>
<kw name="Input Text" owner="SeleniumLibrary">
<msg time="2024-04-25T09:10:19.187006" level="INFO">Typing text 'SUBAtivo - Sub_ativo21' into text field 'xpath=//input[contains(@id,'input-search-subsidiaries')]'.</msg>
<arg>${botaopesquisarsub}</arg>
<arg>SUBAtivo - Sub_ativo21</arg>
<doc>Types the given ``text`` into the text field identified by ``locator``.</doc>
<status status="PASS" start="2024-04-25T09:10:19.187006" elapsed="1.862618"/>
</kw>
<kw name="Sleep" owner="BuiltIn">
<msg time="2024-04-25T09:10:23.050045" level="INFO">Slept 2 seconds.</msg>
<arg>time_=2</arg>
<doc>Pauses the test executed for the given time.</doc>
<status status="PASS" start="2024-04-25T09:10:21.049624" elapsed="2.000421"/>
</kw>
<kw name="Page Should Contain" owner="SeleniumLibrary">
<msg time="2024-04-25T09:10:23.065153" level="INFO">Current page contains text 'SUBAtivo - Sub_ativo21'.</msg>
<arg>SUBAtivo - Sub_ativo21</arg>
<doc>Verifies that current page contains ``text``.</doc>
<status status="PASS" start="2024-04-25T09:10:23.050045" elapsed="0.015108"/>
</kw>
<status status="PASS" start="2024-04-25T09:10:18.613332" elapsed="4.451821"/>
</kw>
<kw name="Fechar navegador" owner="main" type="TEARDOWN">
<kw name="Close Browser" owner="SeleniumLibrary">
<doc>Closes the current browser.</doc>
<status status="PASS" start="2024-04-25T09:10:23.065153" elapsed="2.228477"/>
</kw>
<status status="PASS" start="2024-04-25T09:10:23.065153" elapsed="2.228477"/>
</kw>
<status status="PASS" start="2024-04-25T09:10:13.413858" elapsed="11.879772"/>
</test>
<status status="PASS" start="2024-04-25T09:08:22.644039" elapsed="122.650582"/>
</suite>
<status status="PASS" start="2024-04-25T09:01:02.781541" elapsed="562.515069"/>
</suite>
<statistics>
<total>
<stat pass="35" fail="0" skip="0">All Tests</stat>
</total>
<tag>
</tag>
<suite>
<stat pass="35" fail="0" skip="0" id="s1" name="Suites">Suites</stat>
<stat pass="2" fail="0" skip="0" id="s1-s1" name="T01 login">Suites.T01 login</stat>
<stat pass="11" fail="0" skip="0" id="s1-s2" name="T02 Profile Sidia Usuarios">Suites.T02 Profile Sidia Usuarios</stat>
<stat pass="9" fail="0" skip="0" id="s1-s3" name="T03 Profile Lao Usuarios">Suites.T03 Profile Lao Usuarios</stat>
<stat pass="7" fail="0" skip="0" id="s1-s4" name="T04 Profile Sub Usuarios">Suites.T04 Profile Sub Usuarios</stat>
<stat pass="6" fail="0" skip="0" id="s1-s5" name="T05 Profile Sidia Subsidiarias">Suites.T05 Profile Sidia Subsidiarias</stat>
</suite>
</statistics>
<errors>
</errors>
</robot>
